<?xml version="1.0" encoding="UTF-8"?>
<testsuite name="com.bestbuy.bestbuyinfo.CreateProductDataDrivenTest" time="414.81" tests="93" errors="70" skipped="0" failures="23">
  <properties>
[...]
</properties>
  <testcase name="Test mechanism" classname="Test mechanism" time="0.108">
    <error type="java.lang.NullPointerException:">java.lang.NullPointerException: null
	at net.thucydides.core.model.DataTable$RowValueAccessor.toStringMap(DataTable.java:291)
	at net.serenitybdd.junit.runners.ParameterizedJUnitStepListener.testStarted(ParameterizedJUnitStepListener.java:38)
	at org.junit.runner.notification.SynchronizedRunListener.testStarted(SynchronizedRunListener.java:49)
	at org.junit.runner.notification.RunNotifier$3.notifyListener(RunNotifier.java:121)
	at org.junit.runner.notification.RunNotifier$SafeNotifier.run(RunNotifier.java:72)
	at org.junit.runner.notification.RunNotifier.fireTestStarted(RunNotifier.java:118)
	at org.junit.internal.runners.model.EachTestNotifier.fireTestStarted(EachTestNotifier.java:42)
	at org.junit.runners.ParentRunner.runLeaf(ParentRunner.java:323)
	at org.junit.runners.BlockJUnit4ClassRunner.runChild(BlockJUnit4ClassRunner.java:78)
	at net.serenitybdd.junit.runners.SerenityRunner.performRunChild(SerenityRunner.java:471)
	at net.serenitybdd.junit.runners.SerenityRunner.runChild(SerenityRunner.java:446)
	at net.serenitybdd.junit.runners.SerenityRunner.runChild(SerenityRunner.java:55)
	at org.junit.runners.ParentRunner$3.run(ParentRunner.java:290)
	at org.junit.runners.ParentRunner$1.schedule(ParentRunner.java:71)
	at org.junit.runners.ParentRunner.runChildren(ParentRunner.java:288)
	at org.junit.runners.ParentRunner.access$000(ParentRunner.java:58)
	at org.junit.runners.ParentRunner$2.evaluate(ParentRunner.java:268)
	at org.junit.runners.ParentRunner.run(ParentRunner.java:363)
	at net.serenitybdd.junit.runners.SerenityRunner.run(SerenityRunner.java:252)
	at org.junit.runners.Suite.runChild(Suite.java:128)
	at org.junit.runners.Suite.runChild(Suite.java:27)
	at org.junit.runners.ParentRunner$3.run(ParentRunner.java:290)
	at java.util.concurrent.Executors$RunnableAdapter.call(Executors.java:511)
	at java.util.concurrent.FutureTask.run(FutureTask.java:266)
	at java.util.concurrent.Executors$RunnableAdapter.call(Executors.java:511)
	at java.util.concurrent.FutureTask.run(FutureTask.java:266)
	at java.util.concurrent.ThreadPoolExecutor.runWorker(ThreadPoolExecutor.java:1142)
	at java.util.concurrent.ThreadPoolExecutor$Worker.run(ThreadPoolExecutor.java:617)
	at java.lang.Thread.run(Thread.java:745)
</error>
    <system-err><![CDATA[6541 [CreateProductDataDrivenTest-2-thread-9] INFO net.serenitybdd.core.Serenity - 

-------------------------------------------------------------------------------------
     _______. _______ .______       _______ .__   __.  __  .___________.____    ____ 
    /       ||   ____||   _  \     |   ____||  \ |  | |  | |           |\   \  /   / 
   |   (----`|  |__   |  |_)  |    |  |__   |   \|  | |  | `---|  |----` \   \/   /  
    \   \    |   __|  |      /     |   __|  |  . `  | |  |     |  |       \_    _/   
.----)   |   |  |____ |  |\  \----.|  |____ |  |\   | |  |     |  |         |  |     
|_______/    |_______|| _| `._____||_______||__| \__| |__|     |__|         |__|    
-------------------------------------------------------------------------------------

7384 [CreateProductDataDrivenTest-2-thread-18] INFO net.serenitybdd.core.Serenity - Test Suite Started: Create product data driven test
7905 [CreateProductDataDrivenTest-2-thread-18] INFO net.serenitybdd.core.Serenity - 
 _____ _____ ____ _____   ____ _____  _    ____ _____ _____ ____  
|_   _| ____/ ___|_   _| / ___|_   _|/ \  |  _ \_   _| ____|  _ \ 
  | | |  _| \___ \ | |   \___ \ | | / _ \ | |_) || | |  _| | | | |
  | | | |___ ___) || |    ___) || |/ ___ \|  _ < | | | |___| |_| |
  |_| |_____|____/ |_|   |____/ |_/_/   \_\_| \_\|_| |_____|____/ 
                                                                  

TEST STARTED: createMultipleProducts[17]
-------------------------------------------------------------------
7905 [CreateProductDataDrivenTest-2-thread-18] INFO net.serenitybdd.core.Serenity - TEST NUMBER: 1
7911 [CreateProductDataDrivenTest-2-thread-20] INFO net.serenitybdd.core.Serenity - Test Suite Started: Create product data driven test
7913 [CreateProductDataDrivenTest-2-thread-20] INFO net.serenitybdd.core.Serenity - 
 _____ _____ ____ _____   ____ _____  _    ____ _____ _____ ____  
|_   _| ____/ ___|_   _| / ___|_   _|/ \  |  _ \_   _| ____|  _ \ 
  | | |  _| \___ \ | |   \___ \ | | / _ \ | |_) || | |  _| | | | |
  | | | |___ ___) || |    ___) || |/ ___ \|  _ < | | | |___| |_| |
  |_| |_____|____/ |_|   |____/ |_/_/   \_\_| \_\|_| |_____|____/ 
                                                                  

TEST STARTED: createMultipleProducts[19]
-------------------------------------------------------------------
7915 [CreateProductDataDrivenTest-2-thread-20] INFO net.serenitybdd.core.Serenity - TEST NUMBER: 2
7923 [CreateProductDataDrivenTest-2-thread-8] INFO net.serenitybdd.core.Serenity - Test Suite Started: Create product data driven test
7924 [CreateProductDataDrivenTest-2-thread-8] INFO net.serenitybdd.core.Serenity - 
 _____ _____ ____ _____   ____ _____  _    ____ _____ _____ ____  
|_   _| ____/ ___|_   _| / ___|_   _|/ \  |  _ \_   _| ____|  _ \ 
  | | |  _| \___ \ | |   \___ \ | | / _ \ | |_) || | |  _| | | | |
  | | | |___ ___) || |    ___) || |/ ___ \|  _ < | | | |___| |_| |
  |_| |_____|____/ |_|   |____/ |_/_/   \_\_| \_\|_| |_____|____/ 
                                                                  

TEST STARTED: createMultipleProducts[7]
-------------------------------------------------------------------
7926 [CreateProductDataDrivenTest-2-thread-8] INFO net.serenitybdd.core.Serenity - TEST NUMBER: 3
7928 [CreateProductDataDrivenTest-2-thread-19] INFO net.serenitybdd.core.Serenity - Test Suite Started: Create product data driven test
7934 [CreateProductDataDrivenTest-2-thread-19] INFO net.serenitybdd.core.Serenity - 
 _____ _____ ____ _____   ____ _____  _    ____ _____ _____ ____  
|_   _| ____/ ___|_   _| / ___|_   _|/ \  |  _ \_   _| ____|  _ \ 
  | | |  _| \___ \ | |   \___ \ | | / _ \ | |_) || | |  _| | | | |
  | | | |___ ___) || |    ___) || |/ ___ \|  _ < | | | |___| |_| |
  |_| |_____|____/ |_|   |____/ |_/_/   \_\_| \_\|_| |_____|____/ 
                                                                  

TEST STARTED: createMultipleProducts[18]
-------------------------------------------------------------------
7936 [CreateProductDataDrivenTest-2-thread-19] INFO net.serenitybdd.core.Serenity - TEST NUMBER: 4
7939 [CreateProductDataDrivenTest-2-thread-5] INFO net.serenitybdd.core.Serenity - Test Suite Started: Create product data driven test
7941 [CreateProductDataDrivenTest-2-thread-5] INFO net.serenitybdd.core.Serenity - 
 _____ _____ ____ _____   ____ _____  _    ____ _____ _____ ____  
|_   _| ____/ ___|_   _| / ___|_   _|/ \  |  _ \_   _| ____|  _ \ 
  | | |  _| \___ \ | |   \___ \ | | / _ \ | |_) || | |  _| | | | |
  | | | |___ ___) || |    ___) || |/ ___ \|  _ < | | | |___| |_| |
  |_| |_____|____/ |_|   |____/ |_/_/   \_\_| \_\|_| |_____|____/ 
                                                                  

TEST STARTED: createMultipleProducts[4]
-------------------------------------------------------------------
7941 [CreateProductDataDrivenTest-2-thread-5] INFO net.serenitybdd.core.Serenity - TEST NUMBER: 5
7949 [CreateProductDataDrivenTest-2-thread-1] INFO net.serenitybdd.core.Serenity - Test Suite Started: Create product data driven test
7952 [CreateProductDataDrivenTest-2-thread-1] INFO net.serenitybdd.core.Serenity - 
 _____ _____ ____ _____   ____ _____  _    ____ _____ _____ ____  
|_   _| ____/ ___|_   _| / ___|_   _|/ \  |  _ \_   _| ____|  _ \ 
  | | |  _| \___ \ | |   \___ \ | | / _ \ | |_) || | |  _| | | | |
  | | | |___ ___) || |    ___) || |/ ___ \|  _ < | | | |___| |_| |
  |_| |_____|____/ |_|   |____/ |_/_/   \_\_| \_\|_| |_____|____/ 
                                                                  

TEST STARTED: createMultipleProducts[0]
-------------------------------------------------------------------
7952 [CreateProductDataDrivenTest-2-thread-1] INFO net.serenitybdd.core.Serenity - TEST NUMBER: 6
7954 [CreateProductDataDrivenTest-2-thread-16] INFO net.serenitybdd.core.Serenity - Test Suite Started: Create product data driven test
7956 [CreateProductDataDrivenTest-2-thread-16] INFO net.serenitybdd.core.Serenity - 
 _____ _____ ____ _____   ____ _____  _    ____ _____ _____ ____  
|_   _| ____/ ___|_   _| / ___|_   _|/ \  |  _ \_   _| ____|  _ \ 
  | | |  _| \___ \ | |   \___ \ | | / _ \ | |_) || | |  _| | | | |
  | | | |___ ___) || |    ___) || |/ ___ \|  _ < | | | |___| |_| |
  |_| |_____|____/ |_|   |____/ |_/_/   \_\_| \_\|_| |_____|____/ 
                                                                  

TEST STARTED: createMultipleProducts[15]
-------------------------------------------------------------------
7956 [CreateProductDataDrivenTest-2-thread-16] INFO net.serenitybdd.core.Serenity - TEST NUMBER: 7
7959 [CreateProductDataDrivenTest-2-thread-17] INFO net.serenitybdd.core.Serenity - Test Suite Started: Create product data driven test
7963 [CreateProductDataDrivenTest-2-thread-17] INFO net.serenitybdd.core.Serenity - 
 _____ _____ ____ _____   ____ _____  _    ____ _____ _____ ____  
|_   _| ____/ ___|_   _| / ___|_   _|/ \  |  _ \_   _| ____|  _ \ 
  | | |  _| \___ \ | |   \___ \ | | / _ \ | |_) || | |  _| | | | |
  | | | |___ ___) || |    ___) || |/ ___ \|  _ < | | | |___| |_| |
  |_| |_____|____/ |_|   |____/ |_/_/   \_\_| \_\|_| |_____|____/ 
                                                                  

TEST STARTED: createMultipleProducts[16]
-------------------------------------------------------------------
7963 [CreateProductDataDrivenTest-2-thread-17] INFO net.serenitybdd.core.Serenity - TEST NUMBER: 8
7967 [CreateProductDataDrivenTest-2-thread-9] INFO net.serenitybdd.core.Serenity - Test Suite Started: Create product data driven test
7970 [CreateProductDataDrivenTest-2-thread-9] INFO net.serenitybdd.core.Serenity - 
 _____ _____ ____ _____   ____ _____  _    ____ _____ _____ ____  
|_   _| ____/ ___|_   _| / ___|_   _|/ \  |  _ \_   _| ____|  _ \ 
  | | |  _| \___ \ | |   \___ \ | | / _ \ | |_) || | |  _| | | | |
  | | | |___ ___) || |    ___) || |/ ___ \|  _ < | | | |___| |_| |
  |_| |_____|____/ |_|   |____/ |_/_/   \_\_| \_\|_| |_____|____/ 
                                                                  

TEST STARTED: createMultipleProducts[8]
-------------------------------------------------------------------
7972 [CreateProductDataDrivenTest-2-thread-9] INFO net.serenitybdd.core.Serenity - TEST NUMBER: 9
7976 [CreateProductDataDrivenTest-2-thread-3] INFO net.serenitybdd.core.Serenity - Test Suite Started: Create product data driven test
7979 [CreateProductDataDrivenTest-2-thread-3] INFO net.serenitybdd.core.Serenity - 
 _____ _____ ____ _____   ____ _____  _    ____ _____ _____ ____  
|_   _| ____/ ___|_   _| / ___|_   _|/ \  |  _ \_   _| ____|  _ \ 
  | | |  _| \___ \ | |   \___ \ | | / _ \ | |_) || | |  _| | | | |
  | | | |___ ___) || |    ___) || |/ ___ \|  _ < | | | |___| |_| |
  |_| |_____|____/ |_|   |____/ |_/_/   \_\_| \_\|_| |_____|____/ 
                                                                  

TEST STARTED: createMultipleProducts[2]
-------------------------------------------------------------------
7979 [CreateProductDataDrivenTest-2-thread-3] INFO net.serenitybdd.core.Serenity - TEST NUMBER: 10
7982 [CreateProductDataDrivenTest-2-thread-14] INFO net.serenitybdd.core.Serenity - Test Suite Started: Create product data driven test
7984 [CreateProductDataDrivenTest-2-thread-14] INFO net.serenitybdd.core.Serenity - 
 _____ _____ ____ _____   ____ _____  _    ____ _____ _____ ____  
|_   _| ____/ ___|_   _| / ___|_   _|/ \  |  _ \_   _| ____|  _ \ 
  | | |  _| \___ \ | |   \___ \ | | / _ \ | |_) || | |  _| | | | |
  | | | |___ ___) || |    ___) || |/ ___ \|  _ < | | | |___| |_| |
  |_| |_____|____/ |_|   |____/ |_/_/   \_\_| \_\|_| |_____|____/ 
                                                                  

TEST STARTED: createMultipleProducts[13]
-------------------------------------------------------------------
7984 [CreateProductDataDrivenTest-2-thread-14] INFO net.serenitybdd.core.Serenity - TEST NUMBER: 11
7987 [CreateProductDataDrivenTest-2-thread-13] INFO net.serenitybdd.core.Serenity - Test Suite Started: Create product data driven test
7992 [CreateProductDataDrivenTest-2-thread-13] INFO net.serenitybdd.core.Serenity - 
 _____ _____ ____ _____   ____ _____  _    ____ _____ _____ ____  
|_   _| ____/ ___|_   _| / ___|_   _|/ \  |  _ \_   _| ____|  _ \ 
  | | |  _| \___ \ | |   \___ \ | | / _ \ | |_) || | |  _| | | | |
  | | | |___ ___) || |    ___) || |/ ___ \|  _ < | | | |___| |_| |
  |_| |_____|____/ |_|   |____/ |_/_/   \_\_| \_\|_| |_____|____/ 
                                                                  

TEST STARTED: createMultipleProducts[12]
-------------------------------------------------------------------
7992 [CreateProductDataDrivenTest-2-thread-13] INFO net.serenitybdd.core.Serenity - TEST NUMBER: 12
7997 [CreateProductDataDrivenTest-2-thread-7] INFO net.serenitybdd.core.Serenity - Test Suite Started: Create product data driven test
7999 [CreateProductDataDrivenTest-2-thread-7] INFO net.serenitybdd.core.Serenity - 
 _____ _____ ____ _____   ____ _____  _    ____ _____ _____ ____  
|_   _| ____/ ___|_   _| / ___|_   _|/ \  |  _ \_   _| ____|  _ \ 
  | | |  _| \___ \ | |   \___ \ | | / _ \ | |_) || | |  _| | | | |
  | | | |___ ___) || |    ___) || |/ ___ \|  _ < | | | |___| |_| |
  |_| |_____|____/ |_|   |____/ |_/_/   \_\_| \_\|_| |_____|____/ 
                                                                  

TEST STARTED: createMultipleProducts[6]
-------------------------------------------------------------------
8001 [CreateProductDataDrivenTest-2-thread-7] INFO net.serenitybdd.core.Serenity - TEST NUMBER: 13
8008 [CreateProductDataDrivenTest-2-thread-6] INFO net.serenitybdd.core.Serenity - Test Suite Started: Create product data driven test
8011 [CreateProductDataDrivenTest-2-thread-6] INFO net.serenitybdd.core.Serenity - 
 _____ _____ ____ _____   ____ _____  _    ____ _____ _____ ____  
|_   _| ____/ ___|_   _| / ___|_   _|/ \  |  _ \_   _| ____|  _ \ 
  | | |  _| \___ \ | |   \___ \ | | / _ \ | |_) || | |  _| | | | |
  | | | |___ ___) || |    ___) || |/ ___ \|  _ < | | | |___| |_| |
  |_| |_____|____/ |_|   |____/ |_/_/   \_\_| \_\|_| |_____|____/ 
                                                                  

TEST STARTED: createMultipleProducts[5]
-------------------------------------------------------------------
8013 [CreateProductDataDrivenTest-2-thread-6] INFO net.serenitybdd.core.Serenity - TEST NUMBER: 14
8018 [CreateProductDataDrivenTest-2-thread-12] INFO net.serenitybdd.core.Serenity - Test Suite Started: Create product data driven test
8021 [CreateProductDataDrivenTest-2-thread-12] INFO net.serenitybdd.core.Serenity - 
 _____ _____ ____ _____   ____ _____  _    ____ _____ _____ ____  
|_   _| ____/ ___|_   _| / ___|_   _|/ \  |  _ \_   _| ____|  _ \ 
  | | |  _| \___ \ | |   \___ \ | | / _ \ | |_) || | |  _| | | | |
  | | | |___ ___) || |    ___) || |/ ___ \|  _ < | | | |___| |_| |
  |_| |_____|____/ |_|   |____/ |_/_/   \_\_| \_\|_| |_____|____/ 
                                                                  

TEST STARTED: createMultipleProducts[11]
-------------------------------------------------------------------
8021 [CreateProductDataDrivenTest-2-thread-12] INFO net.serenitybdd.core.Serenity - TEST NUMBER: 15
8027 [CreateProductDataDrivenTest-2-thread-2] INFO net.serenitybdd.core.Serenity - Test Suite Started: Create product data driven test
8029 [CreateProductDataDrivenTest-2-thread-2] INFO net.serenitybdd.core.Serenity - 
 _____ _____ ____ _____   ____ _____  _    ____ _____ _____ ____  
|_   _| ____/ ___|_   _| / ___|_   _|/ \  |  _ \_   _| ____|  _ \ 
  | | |  _| \___ \ | |   \___ \ | | / _ \ | |_) || | |  _| | | | |
  | | | |___ ___) || |    ___) || |/ ___ \|  _ < | | | |___| |_| |
  |_| |_____|____/ |_|   |____/ |_/_/   \_\_| \_\|_| |_____|____/ 
                                                                  

TEST STARTED: createMultipleProducts[1]
-------------------------------------------------------------------
8029 [CreateProductDataDrivenTest-2-thread-2] INFO net.serenitybdd.core.Serenity - TEST NUMBER: 16
8034 [CreateProductDataDrivenTest-2-thread-15] INFO net.serenitybdd.core.Serenity - Test Suite Started: Create product data driven test
8037 [CreateProductDataDrivenTest-2-thread-15] INFO net.serenitybdd.core.Serenity - 
 _____ _____ ____ _____   ____ _____  _    ____ _____ _____ ____  
|_   _| ____/ ___|_   _| / ___|_   _|/ \  |  _ \_   _| ____|  _ \ 
  | | |  _| \___ \ | |   \___ \ | | / _ \ | |_) || | |  _| | | | |
  | | | |___ ___) || |    ___) || |/ ___ \|  _ < | | | |___| |_| |
  |_| |_____|____/ |_|   |____/ |_/_/   \_\_| \_\|_| |_____|____/ 
                                                                  

TEST STARTED: createMultipleProducts[14]
-------------------------------------------------------------------
8038 [CreateProductDataDrivenTest-2-thread-15] INFO net.serenitybdd.core.Serenity - TEST NUMBER: 17
8048 [CreateProductDataDrivenTest-2-thread-22] INFO net.serenitybdd.core.Serenity - Test Suite Started: Create product data driven test
8054 [CreateProductDataDrivenTest-2-thread-22] INFO net.serenitybdd.core.Serenity - 
 _____ _____ ____ _____   ____ _____  _    ____ _____ _____ ____  
|_   _| ____/ ___|_   _| / ___|_   _|/ \  |  _ \_   _| ____|  _ \ 
  | | |  _| \___ \ | |   \___ \ | | / _ \ | |_) || | |  _| | | | |
  | | | |___ ___) || |    ___) || |/ ___ \|  _ < | | | |___| |_| |
  |_| |_____|____/ |_|   |____/ |_/_/   \_\_| \_\|_| |_____|____/ 
                                                                  

TEST STARTED: createMultipleProducts[21]
-------------------------------------------------------------------
8055 [CreateProductDataDrivenTest-2-thread-22] INFO net.serenitybdd.core.Serenity - TEST NUMBER: 18
8060 [CreateProductDataDrivenTest-2-thread-21] INFO net.serenitybdd.core.Serenity - Test Suite Started: Create product data driven test
8071 [CreateProductDataDrivenTest-2-thread-21] INFO net.serenitybdd.core.Serenity - 
 _____ _____ ____ _____   ____ _____  _    ____ _____ _____ ____  
|_   _| ____/ ___|_   _| / ___|_   _|/ \  |  _ \_   _| ____|  _ \ 
  | | |  _| \___ \ | |   \___ \ | | / _ \ | |_) || | |  _| | | | |
  | | | |___ ___) || |    ___) || |/ ___ \|  _ < | | | |___| |_| |
  |_| |_____|____/ |_|   |____/ |_/_/   \_\_| \_\|_| |_____|____/ 
                                                                  

TEST STARTED: createMultipleProducts[20]
-------------------------------------------------------------------
8072 [CreateProductDataDrivenTest-2-thread-21] INFO net.serenitybdd.core.Serenity - TEST NUMBER: 19
8079 [CreateProductDataDrivenTest-2-thread-10] INFO net.serenitybdd.core.Serenity - Test Suite Started: Create product data driven test
8082 [CreateProductDataDrivenTest-2-thread-10] INFO net.serenitybdd.core.Serenity - 
 _____ _____ ____ _____   ____ _____  _    ____ _____ _____ ____  
|_   _| ____/ ___|_   _| / ___|_   _|/ \  |  _ \_   _| ____|  _ \ 
  | | |  _| \___ \ | |   \___ \ | | / _ \ | |_) || | |  _| | | | |
  | | | |___ ___) || |    ___) || |/ ___ \|  _ < | | | |___| |_| |
  |_| |_____|____/ |_|   |____/ |_/_/   \_\_| \_\|_| |_____|____/ 
                                                                  

TEST STARTED: createMultipleProducts[9]
-------------------------------------------------------------------
8083 [CreateProductDataDrivenTest-2-thread-10] INFO net.serenitybdd.core.Serenity - TEST NUMBER: 20
8088 [CreateProductDataDrivenTest-2-thread-4] INFO net.serenitybdd.core.Serenity - Test Suite Started: Create product data driven test
8089 [CreateProductDataDrivenTest-2-thread-4] INFO net.serenitybdd.core.Serenity - 
 _____ _____ ____ _____   ____ _____  _    ____ _____ _____ ____  
|_   _| ____/ ___|_   _| / ___|_   _|/ \  |  _ \_   _| ____|  _ \ 
  | | |  _| \___ \ | |   \___ \ | | / _ \ | |_) || | |  _| | | | |
  | | | |___ ___) || |    ___) || |/ ___ \|  _ < | | | |___| |_| |
  |_| |_____|____/ |_|   |____/ |_/_/   \_\_| \_\|_| |_____|____/ 
                                                                  

TEST STARTED: createMultipleProducts[3]
-------------------------------------------------------------------
8089 [CreateProductDataDrivenTest-2-thread-4] INFO net.serenitybdd.core.Serenity - TEST NUMBER: 21
8091 [CreateProductDataDrivenTest-2-thread-11] INFO net.serenitybdd.core.Serenity - Test Suite Started: Create product data driven test
8093 [CreateProductDataDrivenTest-2-thread-11] INFO net.serenitybdd.core.Serenity - 
 _____ _____ ____ _____   ____ _____  _    ____ _____ _____ ____  
|_   _| ____/ ___|_   _| / ___|_   _|/ \  |  _ \_   _| ____|  _ \ 
  | | |  _| \___ \ | |   \___ \ | | / _ \ | |_) || | |  _| | | | |
  | | | |___ ___) || |    ___) || |/ ___ \|  _ < | | | |___| |_| |
  |_| |_____|____/ |_|   |____/ |_/_/   \_\_| \_\|_| |_____|____/ 
                                                                  

TEST STARTED: createMultipleProducts[10]
-------------------------------------------------------------------
8093 [CreateProductDataDrivenTest-2-thread-11] INFO net.serenitybdd.core.Serenity - TEST NUMBER: 22
]]></system-err>
  </testcase>
  <testcase name="Test mechanism" classname="Test mechanism" time="0.12">
    <error type="java.lang.NullPointerException:">java.lang.NullPointerException: null
	at net.thucydides.core.model.DataTable$RowValueAccessor.toStringMap(DataTable.java:291)
	at net.serenitybdd.junit.runners.ParameterizedJUnitStepListener.testStarted(ParameterizedJUnitStepListener.java:38)
	at org.junit.runner.notification.SynchronizedRunListener.testStarted(SynchronizedRunListener.java:49)
	at org.junit.runner.notification.RunNotifier$3.notifyListener(RunNotifier.java:121)
	at org.junit.runner.notification.RunNotifier$SafeNotifier.run(RunNotifier.java:72)
	at org.junit.runner.notification.RunNotifier.fireTestStarted(RunNotifier.java:118)
	at org.junit.internal.runners.model.EachTestNotifier.fireTestStarted(EachTestNotifier.java:42)
	at org.junit.runners.ParentRunner.runLeaf(ParentRunner.java:323)
	at org.junit.runners.BlockJUnit4ClassRunner.runChild(BlockJUnit4ClassRunner.java:78)
	at net.serenitybdd.junit.runners.SerenityRunner.performRunChild(SerenityRunner.java:471)
	at net.serenitybdd.junit.runners.SerenityRunner.runChild(SerenityRunner.java:446)
	at net.serenitybdd.junit.runners.SerenityRunner.runChild(SerenityRunner.java:55)
	at org.junit.runners.ParentRunner$3.run(ParentRunner.java:290)
	at org.junit.runners.ParentRunner$1.schedule(ParentRunner.java:71)
	at org.junit.runners.ParentRunner.runChildren(ParentRunner.java:288)
	at org.junit.runners.ParentRunner.access$000(ParentRunner.java:58)
	at org.junit.runners.ParentRunner$2.evaluate(ParentRunner.java:268)
	at org.junit.runners.ParentRunner.run(ParentRunner.java:363)
	at net.serenitybdd.junit.runners.SerenityRunner.run(SerenityRunner.java:252)
	at org.junit.runners.Suite.runChild(Suite.java:128)
	at org.junit.runners.Suite.runChild(Suite.java:27)
	at org.junit.runners.ParentRunner$3.run(ParentRunner.java:290)
	at java.util.concurrent.Executors$RunnableAdapter.call(Executors.java:511)
	at java.util.concurrent.FutureTask.run(FutureTask.java:266)
	at java.util.concurrent.Executors$RunnableAdapter.call(Executors.java:511)
	at java.util.concurrent.FutureTask.run(FutureTask.java:266)
	at java.util.concurrent.ThreadPoolExecutor.runWorker(ThreadPoolExecutor.java:1142)
	at java.util.concurrent.ThreadPoolExecutor$Worker.run(ThreadPoolExecutor.java:617)
	at java.lang.Thread.run(Thread.java:745)
</error>
  </testcase>
  <testcase name="Test mechanism" classname="Test mechanism" time="0.167">
    <error type="java.lang.NullPointerException:">java.lang.NullPointerException: null
	at net.thucydides.core.model.DataTable$RowValueAccessor.toStringMap(DataTable.java:291)
	at net.serenitybdd.junit.runners.ParameterizedJUnitStepListener.testStarted(ParameterizedJUnitStepListener.java:38)
	at org.junit.runner.notification.SynchronizedRunListener.testStarted(SynchronizedRunListener.java:49)
	at org.junit.runner.notification.RunNotifier$3.notifyListener(RunNotifier.java:121)
	at org.junit.runner.notification.RunNotifier$SafeNotifier.run(RunNotifier.java:72)
	at org.junit.runner.notification.RunNotifier.fireTestStarted(RunNotifier.java:118)
	at org.junit.internal.runners.model.EachTestNotifier.fireTestStarted(EachTestNotifier.java:42)
	at org.junit.runners.ParentRunner.runLeaf(ParentRunner.java:323)
	at org.junit.runners.BlockJUnit4ClassRunner.runChild(BlockJUnit4ClassRunner.java:78)
	at net.serenitybdd.junit.runners.SerenityRunner.performRunChild(SerenityRunner.java:471)
	at net.serenitybdd.junit.runners.SerenityRunner.runChild(SerenityRunner.java:446)
	at net.serenitybdd.junit.runners.SerenityRunner.runChild(SerenityRunner.java:55)
	at org.junit.runners.ParentRunner$3.run(ParentRunner.java:290)
	at org.junit.runners.ParentRunner$1.schedule(ParentRunner.java:71)
	at org.junit.runners.ParentRunner.runChildren(ParentRunner.java:288)
	at org.junit.runners.ParentRunner.access$000(ParentRunner.java:58)
	at org.junit.runners.ParentRunner$2.evaluate(ParentRunner.java:268)
	at org.junit.runners.ParentRunner.run(ParentRunner.java:363)
	at net.serenitybdd.junit.runners.SerenityRunner.run(SerenityRunner.java:252)
	at org.junit.runners.Suite.runChild(Suite.java:128)
	at org.junit.runners.Suite.runChild(Suite.java:27)
	at org.junit.runners.ParentRunner$3.run(ParentRunner.java:290)
	at java.util.concurrent.Executors$RunnableAdapter.call(Executors.java:511)
	at java.util.concurrent.FutureTask.run(FutureTask.java:266)
	at java.util.concurrent.Executors$RunnableAdapter.call(Executors.java:511)
	at java.util.concurrent.FutureTask.run(FutureTask.java:266)
	at java.util.concurrent.ThreadPoolExecutor.runWorker(ThreadPoolExecutor.java:1142)
	at java.util.concurrent.ThreadPoolExecutor$Worker.run(ThreadPoolExecutor.java:617)
	at java.lang.Thread.run(Thread.java:745)
</error>
    <system-err><![CDATA[8185 [CreateProductDataDrivenTest-2-thread-23] INFO net.serenitybdd.core.Serenity - Test Suite Started: Create product data driven test
8191 [CreateProductDataDrivenTest-2-thread-23] INFO net.serenitybdd.core.Serenity - 
 _____ _____ ____ _____   ____ _____  _    ____ _____ _____ ____  
|_   _| ____/ ___|_   _| / ___|_   _|/ \  |  _ \_   _| ____|  _ \ 
  | | |  _| \___ \ | |   \___ \ | | / _ \ | |_) || | |  _| | | | |
  | | | |___ ___) || |    ___) || |/ ___ \|  _ < | | | |___| |_| |
  |_| |_____|____/ |_|   |____/ |_/_/   \_\_| \_\|_| |_____|____/ 
                                                                  

TEST STARTED: createMultipleProducts[22]
-------------------------------------------------------------------
8192 [CreateProductDataDrivenTest-2-thread-23] INFO net.serenitybdd.core.Serenity - TEST NUMBER: 23
]]></system-err>
  </testcase>
  <testcase name="Test mechanism" classname="Test mechanism" time="0.174">
    <error type="java.lang.NullPointerException:">java.lang.NullPointerException: null
	at net.serenitybdd.junit.runners.ParameterizedJUnitStepListener.testingThisDataSet(ParameterizedJUnitStepListener.java:63)
	at net.serenitybdd.junit.runners.ParameterizedJUnitStepListener.testFailure(ParameterizedJUnitStepListener.java:77)
	at org.junit.runner.notification.SynchronizedRunListener.testFailure(SynchronizedRunListener.java:63)
	at org.junit.runner.notification.RunNotifier$4.notifyListener(RunNotifier.java:142)
	at org.junit.runner.notification.RunNotifier$SafeNotifier.run(RunNotifier.java:72)
	at org.junit.runner.notification.RunNotifier.fireTestFailures(RunNotifier.java:138)
	at org.junit.runner.notification.RunNotifier.access$100(RunNotifier.java:21)
	at org.junit.runner.notification.RunNotifier$SafeNotifier.run(RunNotifier.java:78)
	at org.junit.runner.notification.RunNotifier.fireTestStarted(RunNotifier.java:118)
	at org.junit.internal.runners.model.EachTestNotifier.fireTestStarted(EachTestNotifier.java:42)
	at org.junit.runners.ParentRunner.runLeaf(ParentRunner.java:323)
	at org.junit.runners.BlockJUnit4ClassRunner.runChild(BlockJUnit4ClassRunner.java:78)
	at net.serenitybdd.junit.runners.SerenityRunner.performRunChild(SerenityRunner.java:471)
	at net.serenitybdd.junit.runners.SerenityRunner.runChild(SerenityRunner.java:446)
	at net.serenitybdd.junit.runners.SerenityRunner.runChild(SerenityRunner.java:55)
	at org.junit.runners.ParentRunner$3.run(ParentRunner.java:290)
	at org.junit.runners.ParentRunner$1.schedule(ParentRunner.java:71)
	at org.junit.runners.ParentRunner.runChildren(ParentRunner.java:288)
	at org.junit.runners.ParentRunner.access$000(ParentRunner.java:58)
	at org.junit.runners.ParentRunner$2.evaluate(ParentRunner.java:268)
	at org.junit.runners.ParentRunner.run(ParentRunner.java:363)
	at net.serenitybdd.junit.runners.SerenityRunner.run(SerenityRunner.java:252)
	at org.junit.runners.Suite.runChild(Suite.java:128)
	at org.junit.runners.Suite.runChild(Suite.java:27)
	at org.junit.runners.ParentRunner$3.run(ParentRunner.java:290)
	at java.util.concurrent.Executors$RunnableAdapter.call(Executors.java:511)
	at java.util.concurrent.FutureTask.run(FutureTask.java:266)
	at java.util.concurrent.Executors$RunnableAdapter.call(Executors.java:511)
	at java.util.concurrent.FutureTask.run(FutureTask.java:266)
	at java.util.concurrent.ThreadPoolExecutor.runWorker(ThreadPoolExecutor.java:1142)
	at java.util.concurrent.ThreadPoolExecutor$Worker.run(ThreadPoolExecutor.java:617)
	at java.lang.Thread.run(Thread.java:745)
</error>
  </testcase>
  <testcase name="Test mechanism" classname="Test mechanism" time="0.174">
    <error type="java.lang.NullPointerException:">java.lang.NullPointerException: null
	at net.serenitybdd.junit.runners.ParameterizedJUnitStepListener.testingThisDataSet(ParameterizedJUnitStepListener.java:63)
	at net.serenitybdd.junit.runners.ParameterizedJUnitStepListener.testFailure(ParameterizedJUnitStepListener.java:77)
	at org.junit.runner.notification.SynchronizedRunListener.testFailure(SynchronizedRunListener.java:63)
	at org.junit.runner.notification.RunNotifier$4.notifyListener(RunNotifier.java:142)
	at org.junit.runner.notification.RunNotifier$SafeNotifier.run(RunNotifier.java:72)
	at org.junit.runner.notification.RunNotifier.fireTestFailures(RunNotifier.java:138)
	at org.junit.runner.notification.RunNotifier.access$100(RunNotifier.java:21)
	at org.junit.runner.notification.RunNotifier$SafeNotifier.run(RunNotifier.java:78)
	at org.junit.runner.notification.RunNotifier.fireTestStarted(RunNotifier.java:118)
	at org.junit.internal.runners.model.EachTestNotifier.fireTestStarted(EachTestNotifier.java:42)
	at org.junit.runners.ParentRunner.runLeaf(ParentRunner.java:323)
	at org.junit.runners.BlockJUnit4ClassRunner.runChild(BlockJUnit4ClassRunner.java:78)
	at net.serenitybdd.junit.runners.SerenityRunner.performRunChild(SerenityRunner.java:471)
	at net.serenitybdd.junit.runners.SerenityRunner.runChild(SerenityRunner.java:446)
	at net.serenitybdd.junit.runners.SerenityRunner.runChild(SerenityRunner.java:55)
	at org.junit.runners.ParentRunner$3.run(ParentRunner.java:290)
	at org.junit.runners.ParentRunner$1.schedule(ParentRunner.java:71)
	at org.junit.runners.ParentRunner.runChildren(ParentRunner.java:288)
	at org.junit.runners.ParentRunner.access$000(ParentRunner.java:58)
	at org.junit.runners.ParentRunner$2.evaluate(ParentRunner.java:268)
	at org.junit.runners.ParentRunner.run(ParentRunner.java:363)
	at net.serenitybdd.junit.runners.SerenityRunner.run(SerenityRunner.java:252)
	at org.junit.runners.Suite.runChild(Suite.java:128)
	at org.junit.runners.Suite.runChild(Suite.java:27)
	at org.junit.runners.ParentRunner$3.run(ParentRunner.java:290)
	at java.util.concurrent.Executors$RunnableAdapter.call(Executors.java:511)
	at java.util.concurrent.FutureTask.run(FutureTask.java:266)
	at java.util.concurrent.Executors$RunnableAdapter.call(Executors.java:511)
	at java.util.concurrent.FutureTask.run(FutureTask.java:266)
	at java.util.concurrent.ThreadPoolExecutor.runWorker(ThreadPoolExecutor.java:1142)
	at java.util.concurrent.ThreadPoolExecutor$Worker.run(ThreadPoolExecutor.java:617)
	at java.lang.Thread.run(Thread.java:745)
</error>
  </testcase>
  <testcase name="Test mechanism" classname="Test mechanism" time="0.176">
    <error type="java.lang.NullPointerException:">java.lang.NullPointerException: null
	at net.serenitybdd.junit.runners.ParameterizedJUnitStepListener.testingThisDataSet(ParameterizedJUnitStepListener.java:63)
	at net.serenitybdd.junit.runners.ParameterizedJUnitStepListener.testFailure(ParameterizedJUnitStepListener.java:77)
	at org.junit.runner.notification.SynchronizedRunListener.testFailure(SynchronizedRunListener.java:63)
	at org.junit.runner.notification.RunNotifier$4.notifyListener(RunNotifier.java:142)
	at org.junit.runner.notification.RunNotifier$SafeNotifier.run(RunNotifier.java:72)
	at org.junit.runner.notification.RunNotifier.fireTestFailures(RunNotifier.java:138)
	at org.junit.runner.notification.RunNotifier.access$100(RunNotifier.java:21)
	at org.junit.runner.notification.RunNotifier$SafeNotifier.run(RunNotifier.java:78)
	at org.junit.runner.notification.RunNotifier.fireTestStarted(RunNotifier.java:118)
	at org.junit.internal.runners.model.EachTestNotifier.fireTestStarted(EachTestNotifier.java:42)
	at org.junit.runners.ParentRunner.runLeaf(ParentRunner.java:323)
	at org.junit.runners.BlockJUnit4ClassRunner.runChild(BlockJUnit4ClassRunner.java:78)
	at net.serenitybdd.junit.runners.SerenityRunner.performRunChild(SerenityRunner.java:471)
	at net.serenitybdd.junit.runners.SerenityRunner.runChild(SerenityRunner.java:446)
	at net.serenitybdd.junit.runners.SerenityRunner.runChild(SerenityRunner.java:55)
	at org.junit.runners.ParentRunner$3.run(ParentRunner.java:290)
	at org.junit.runners.ParentRunner$1.schedule(ParentRunner.java:71)
	at org.junit.runners.ParentRunner.runChildren(ParentRunner.java:288)
	at org.junit.runners.ParentRunner.access$000(ParentRunner.java:58)
	at org.junit.runners.ParentRunner$2.evaluate(ParentRunner.java:268)
	at org.junit.runners.ParentRunner.run(ParentRunner.java:363)
	at net.serenitybdd.junit.runners.SerenityRunner.run(SerenityRunner.java:252)
	at org.junit.runners.Suite.runChild(Suite.java:128)
	at org.junit.runners.Suite.runChild(Suite.java:27)
	at org.junit.runners.ParentRunner$3.run(ParentRunner.java:290)
	at java.util.concurrent.Executors$RunnableAdapter.call(Executors.java:511)
	at java.util.concurrent.FutureTask.run(FutureTask.java:266)
	at java.util.concurrent.Executors$RunnableAdapter.call(Executors.java:511)
	at java.util.concurrent.FutureTask.run(FutureTask.java:266)
	at java.util.concurrent.ThreadPoolExecutor.runWorker(ThreadPoolExecutor.java:1142)
	at java.util.concurrent.ThreadPoolExecutor$Worker.run(ThreadPoolExecutor.java:617)
	at java.lang.Thread.run(Thread.java:745)
</error>
  </testcase>
  <testcase name="Test mechanism" classname="Test mechanism" time="0.177">
    <error type="java.lang.NullPointerException:">java.lang.NullPointerException: null
	at net.serenitybdd.junit.runners.ParameterizedJUnitStepListener.testingThisDataSet(ParameterizedJUnitStepListener.java:63)
	at net.serenitybdd.junit.runners.ParameterizedJUnitStepListener.testFailure(ParameterizedJUnitStepListener.java:77)
	at org.junit.runner.notification.SynchronizedRunListener.testFailure(SynchronizedRunListener.java:63)
	at org.junit.runner.notification.RunNotifier$4.notifyListener(RunNotifier.java:142)
	at org.junit.runner.notification.RunNotifier$SafeNotifier.run(RunNotifier.java:72)
	at org.junit.runner.notification.RunNotifier.fireTestFailures(RunNotifier.java:138)
	at org.junit.runner.notification.RunNotifier.access$100(RunNotifier.java:21)
	at org.junit.runner.notification.RunNotifier$SafeNotifier.run(RunNotifier.java:78)
	at org.junit.runner.notification.RunNotifier.fireTestStarted(RunNotifier.java:118)
	at org.junit.internal.runners.model.EachTestNotifier.fireTestStarted(EachTestNotifier.java:42)
	at org.junit.runners.ParentRunner.runLeaf(ParentRunner.java:323)
	at org.junit.runners.BlockJUnit4ClassRunner.runChild(BlockJUnit4ClassRunner.java:78)
	at net.serenitybdd.junit.runners.SerenityRunner.performRunChild(SerenityRunner.java:471)
	at net.serenitybdd.junit.runners.SerenityRunner.runChild(SerenityRunner.java:446)
	at net.serenitybdd.junit.runners.SerenityRunner.runChild(SerenityRunner.java:55)
	at org.junit.runners.ParentRunner$3.run(ParentRunner.java:290)
	at org.junit.runners.ParentRunner$1.schedule(ParentRunner.java:71)
	at org.junit.runners.ParentRunner.runChildren(ParentRunner.java:288)
	at org.junit.runners.ParentRunner.access$000(ParentRunner.java:58)
	at org.junit.runners.ParentRunner$2.evaluate(ParentRunner.java:268)
	at org.junit.runners.ParentRunner.run(ParentRunner.java:363)
	at net.serenitybdd.junit.runners.SerenityRunner.run(SerenityRunner.java:252)
	at org.junit.runners.Suite.runChild(Suite.java:128)
	at org.junit.runners.Suite.runChild(Suite.java:27)
	at org.junit.runners.ParentRunner$3.run(ParentRunner.java:290)
	at java.util.concurrent.Executors$RunnableAdapter.call(Executors.java:511)
	at java.util.concurrent.FutureTask.run(FutureTask.java:266)
	at java.util.concurrent.Executors$RunnableAdapter.call(Executors.java:511)
	at java.util.concurrent.FutureTask.run(FutureTask.java:266)
	at java.util.concurrent.ThreadPoolExecutor.runWorker(ThreadPoolExecutor.java:1142)
	at java.util.concurrent.ThreadPoolExecutor$Worker.run(ThreadPoolExecutor.java:617)
	at java.lang.Thread.run(Thread.java:745)
</error>
  </testcase>
  <testcase name="Test mechanism" classname="Test mechanism" time="0.177">
    <error type="java.lang.NullPointerException:">java.lang.NullPointerException: null
	at net.serenitybdd.junit.runners.ParameterizedJUnitStepListener.testingThisDataSet(ParameterizedJUnitStepListener.java:63)
	at net.serenitybdd.junit.runners.ParameterizedJUnitStepListener.testFailure(ParameterizedJUnitStepListener.java:77)
	at org.junit.runner.notification.SynchronizedRunListener.testFailure(SynchronizedRunListener.java:63)
	at org.junit.runner.notification.RunNotifier$4.notifyListener(RunNotifier.java:142)
	at org.junit.runner.notification.RunNotifier$SafeNotifier.run(RunNotifier.java:72)
	at org.junit.runner.notification.RunNotifier.fireTestFailures(RunNotifier.java:138)
	at org.junit.runner.notification.RunNotifier.access$100(RunNotifier.java:21)
	at org.junit.runner.notification.RunNotifier$SafeNotifier.run(RunNotifier.java:78)
	at org.junit.runner.notification.RunNotifier.fireTestStarted(RunNotifier.java:118)
	at org.junit.internal.runners.model.EachTestNotifier.fireTestStarted(EachTestNotifier.java:42)
	at org.junit.runners.ParentRunner.runLeaf(ParentRunner.java:323)
	at org.junit.runners.BlockJUnit4ClassRunner.runChild(BlockJUnit4ClassRunner.java:78)
	at net.serenitybdd.junit.runners.SerenityRunner.performRunChild(SerenityRunner.java:471)
	at net.serenitybdd.junit.runners.SerenityRunner.runChild(SerenityRunner.java:446)
	at net.serenitybdd.junit.runners.SerenityRunner.runChild(SerenityRunner.java:55)
	at org.junit.runners.ParentRunner$3.run(ParentRunner.java:290)
	at org.junit.runners.ParentRunner$1.schedule(ParentRunner.java:71)
	at org.junit.runners.ParentRunner.runChildren(ParentRunner.java:288)
	at org.junit.runners.ParentRunner.access$000(ParentRunner.java:58)
	at org.junit.runners.ParentRunner$2.evaluate(ParentRunner.java:268)
	at org.junit.runners.ParentRunner.run(ParentRunner.java:363)
	at net.serenitybdd.junit.runners.SerenityRunner.run(SerenityRunner.java:252)
	at org.junit.runners.Suite.runChild(Suite.java:128)
	at org.junit.runners.Suite.runChild(Suite.java:27)
	at org.junit.runners.ParentRunner$3.run(ParentRunner.java:290)
	at java.util.concurrent.Executors$RunnableAdapter.call(Executors.java:511)
	at java.util.concurrent.FutureTask.run(FutureTask.java:266)
	at java.util.concurrent.Executors$RunnableAdapter.call(Executors.java:511)
	at java.util.concurrent.FutureTask.run(FutureTask.java:266)
	at java.util.concurrent.ThreadPoolExecutor.runWorker(ThreadPoolExecutor.java:1142)
	at java.util.concurrent.ThreadPoolExecutor$Worker.run(ThreadPoolExecutor.java:617)
	at java.lang.Thread.run(Thread.java:745)
</error>
  </testcase>
  <testcase name="Test mechanism" classname="Test mechanism" time="0.179">
    <error type="java.lang.NullPointerException:">java.lang.NullPointerException: null
	at net.serenitybdd.junit.runners.ParameterizedJUnitStepListener.testingThisDataSet(ParameterizedJUnitStepListener.java:63)
	at net.serenitybdd.junit.runners.ParameterizedJUnitStepListener.testFailure(ParameterizedJUnitStepListener.java:77)
	at org.junit.runner.notification.SynchronizedRunListener.testFailure(SynchronizedRunListener.java:63)
	at org.junit.runner.notification.RunNotifier$4.notifyListener(RunNotifier.java:142)
	at org.junit.runner.notification.RunNotifier$SafeNotifier.run(RunNotifier.java:72)
	at org.junit.runner.notification.RunNotifier.fireTestFailures(RunNotifier.java:138)
	at org.junit.runner.notification.RunNotifier.access$100(RunNotifier.java:21)
	at org.junit.runner.notification.RunNotifier$SafeNotifier.run(RunNotifier.java:78)
	at org.junit.runner.notification.RunNotifier.fireTestStarted(RunNotifier.java:118)
	at org.junit.internal.runners.model.EachTestNotifier.fireTestStarted(EachTestNotifier.java:42)
	at org.junit.runners.ParentRunner.runLeaf(ParentRunner.java:323)
	at org.junit.runners.BlockJUnit4ClassRunner.runChild(BlockJUnit4ClassRunner.java:78)
	at net.serenitybdd.junit.runners.SerenityRunner.performRunChild(SerenityRunner.java:471)
	at net.serenitybdd.junit.runners.SerenityRunner.runChild(SerenityRunner.java:446)
	at net.serenitybdd.junit.runners.SerenityRunner.runChild(SerenityRunner.java:55)
	at org.junit.runners.ParentRunner$3.run(ParentRunner.java:290)
	at org.junit.runners.ParentRunner$1.schedule(ParentRunner.java:71)
	at org.junit.runners.ParentRunner.runChildren(ParentRunner.java:288)
	at org.junit.runners.ParentRunner.access$000(ParentRunner.java:58)
	at org.junit.runners.ParentRunner$2.evaluate(ParentRunner.java:268)
	at org.junit.runners.ParentRunner.run(ParentRunner.java:363)
	at net.serenitybdd.junit.runners.SerenityRunner.run(SerenityRunner.java:252)
	at org.junit.runners.Suite.runChild(Suite.java:128)
	at org.junit.runners.Suite.runChild(Suite.java:27)
	at org.junit.runners.ParentRunner$3.run(ParentRunner.java:290)
	at java.util.concurrent.Executors$RunnableAdapter.call(Executors.java:511)
	at java.util.concurrent.FutureTask.run(FutureTask.java:266)
	at java.util.concurrent.Executors$RunnableAdapter.call(Executors.java:511)
	at java.util.concurrent.FutureTask.run(FutureTask.java:266)
	at java.util.concurrent.ThreadPoolExecutor.runWorker(ThreadPoolExecutor.java:1142)
	at java.util.concurrent.ThreadPoolExecutor$Worker.run(ThreadPoolExecutor.java:617)
	at java.lang.Thread.run(Thread.java:745)
</error>
  </testcase>
  <testcase name="Test mechanism" classname="Test mechanism" time="0.18">
    <error type="java.lang.NullPointerException:">java.lang.NullPointerException: null
	at net.serenitybdd.junit.runners.ParameterizedJUnitStepListener.testingThisDataSet(ParameterizedJUnitStepListener.java:63)
	at net.serenitybdd.junit.runners.ParameterizedJUnitStepListener.testFailure(ParameterizedJUnitStepListener.java:77)
	at org.junit.runner.notification.SynchronizedRunListener.testFailure(SynchronizedRunListener.java:63)
	at org.junit.runner.notification.RunNotifier$4.notifyListener(RunNotifier.java:142)
	at org.junit.runner.notification.RunNotifier$SafeNotifier.run(RunNotifier.java:72)
	at org.junit.runner.notification.RunNotifier.fireTestFailures(RunNotifier.java:138)
	at org.junit.runner.notification.RunNotifier.access$100(RunNotifier.java:21)
	at org.junit.runner.notification.RunNotifier$SafeNotifier.run(RunNotifier.java:78)
	at org.junit.runner.notification.RunNotifier.fireTestStarted(RunNotifier.java:118)
	at org.junit.internal.runners.model.EachTestNotifier.fireTestStarted(EachTestNotifier.java:42)
	at org.junit.runners.ParentRunner.runLeaf(ParentRunner.java:323)
	at org.junit.runners.BlockJUnit4ClassRunner.runChild(BlockJUnit4ClassRunner.java:78)
	at net.serenitybdd.junit.runners.SerenityRunner.performRunChild(SerenityRunner.java:471)
	at net.serenitybdd.junit.runners.SerenityRunner.runChild(SerenityRunner.java:446)
	at net.serenitybdd.junit.runners.SerenityRunner.runChild(SerenityRunner.java:55)
	at org.junit.runners.ParentRunner$3.run(ParentRunner.java:290)
	at org.junit.runners.ParentRunner$1.schedule(ParentRunner.java:71)
	at org.junit.runners.ParentRunner.runChildren(ParentRunner.java:288)
	at org.junit.runners.ParentRunner.access$000(ParentRunner.java:58)
	at org.junit.runners.ParentRunner$2.evaluate(ParentRunner.java:268)
	at org.junit.runners.ParentRunner.run(ParentRunner.java:363)
	at net.serenitybdd.junit.runners.SerenityRunner.run(SerenityRunner.java:252)
	at org.junit.runners.Suite.runChild(Suite.java:128)
	at org.junit.runners.Suite.runChild(Suite.java:27)
	at org.junit.runners.ParentRunner$3.run(ParentRunner.java:290)
	at java.util.concurrent.Executors$RunnableAdapter.call(Executors.java:511)
	at java.util.concurrent.FutureTask.run(FutureTask.java:266)
	at java.util.concurrent.Executors$RunnableAdapter.call(Executors.java:511)
	at java.util.concurrent.FutureTask.run(FutureTask.java:266)
	at java.util.concurrent.ThreadPoolExecutor.runWorker(ThreadPoolExecutor.java:1142)
	at java.util.concurrent.ThreadPoolExecutor$Worker.run(ThreadPoolExecutor.java:617)
	at java.lang.Thread.run(Thread.java:745)
</error>
  </testcase>
  <testcase name="Test mechanism" classname="Test mechanism" time="0.181">
    <error type="java.lang.NullPointerException:">java.lang.NullPointerException: null
	at net.serenitybdd.junit.runners.ParameterizedJUnitStepListener.testingThisDataSet(ParameterizedJUnitStepListener.java:63)
	at net.serenitybdd.junit.runners.ParameterizedJUnitStepListener.testFailure(ParameterizedJUnitStepListener.java:77)
	at org.junit.runner.notification.SynchronizedRunListener.testFailure(SynchronizedRunListener.java:63)
	at org.junit.runner.notification.RunNotifier$4.notifyListener(RunNotifier.java:142)
	at org.junit.runner.notification.RunNotifier$SafeNotifier.run(RunNotifier.java:72)
	at org.junit.runner.notification.RunNotifier.fireTestFailures(RunNotifier.java:138)
	at org.junit.runner.notification.RunNotifier.access$100(RunNotifier.java:21)
	at org.junit.runner.notification.RunNotifier$SafeNotifier.run(RunNotifier.java:78)
	at org.junit.runner.notification.RunNotifier.fireTestStarted(RunNotifier.java:118)
	at org.junit.internal.runners.model.EachTestNotifier.fireTestStarted(EachTestNotifier.java:42)
	at org.junit.runners.ParentRunner.runLeaf(ParentRunner.java:323)
	at org.junit.runners.BlockJUnit4ClassRunner.runChild(BlockJUnit4ClassRunner.java:78)
	at net.serenitybdd.junit.runners.SerenityRunner.performRunChild(SerenityRunner.java:471)
	at net.serenitybdd.junit.runners.SerenityRunner.runChild(SerenityRunner.java:446)
	at net.serenitybdd.junit.runners.SerenityRunner.runChild(SerenityRunner.java:55)
	at org.junit.runners.ParentRunner$3.run(ParentRunner.java:290)
	at org.junit.runners.ParentRunner$1.schedule(ParentRunner.java:71)
	at org.junit.runners.ParentRunner.runChildren(ParentRunner.java:288)
	at org.junit.runners.ParentRunner.access$000(ParentRunner.java:58)
	at org.junit.runners.ParentRunner$2.evaluate(ParentRunner.java:268)
	at org.junit.runners.ParentRunner.run(ParentRunner.java:363)
	at net.serenitybdd.junit.runners.SerenityRunner.run(SerenityRunner.java:252)
	at org.junit.runners.Suite.runChild(Suite.java:128)
	at org.junit.runners.Suite.runChild(Suite.java:27)
	at org.junit.runners.ParentRunner$3.run(ParentRunner.java:290)
	at java.util.concurrent.Executors$RunnableAdapter.call(Executors.java:511)
	at java.util.concurrent.FutureTask.run(FutureTask.java:266)
	at java.util.concurrent.Executors$RunnableAdapter.call(Executors.java:511)
	at java.util.concurrent.FutureTask.run(FutureTask.java:266)
	at java.util.concurrent.ThreadPoolExecutor.runWorker(ThreadPoolExecutor.java:1142)
	at java.util.concurrent.ThreadPoolExecutor$Worker.run(ThreadPoolExecutor.java:617)
	at java.lang.Thread.run(Thread.java:745)
</error>
  </testcase>
  <testcase name="Test mechanism" classname="Test mechanism" time="0.181">
    <error type="java.lang.NullPointerException:">java.lang.NullPointerException: null
	at net.serenitybdd.junit.runners.ParameterizedJUnitStepListener.testingThisDataSet(ParameterizedJUnitStepListener.java:63)
	at net.serenitybdd.junit.runners.ParameterizedJUnitStepListener.testFailure(ParameterizedJUnitStepListener.java:77)
	at org.junit.runner.notification.SynchronizedRunListener.testFailure(SynchronizedRunListener.java:63)
	at org.junit.runner.notification.RunNotifier$4.notifyListener(RunNotifier.java:142)
	at org.junit.runner.notification.RunNotifier$SafeNotifier.run(RunNotifier.java:72)
	at org.junit.runner.notification.RunNotifier.fireTestFailures(RunNotifier.java:138)
	at org.junit.runner.notification.RunNotifier.access$100(RunNotifier.java:21)
	at org.junit.runner.notification.RunNotifier$SafeNotifier.run(RunNotifier.java:78)
	at org.junit.runner.notification.RunNotifier.fireTestStarted(RunNotifier.java:118)
	at org.junit.internal.runners.model.EachTestNotifier.fireTestStarted(EachTestNotifier.java:42)
	at org.junit.runners.ParentRunner.runLeaf(ParentRunner.java:323)
	at org.junit.runners.BlockJUnit4ClassRunner.runChild(BlockJUnit4ClassRunner.java:78)
	at net.serenitybdd.junit.runners.SerenityRunner.performRunChild(SerenityRunner.java:471)
	at net.serenitybdd.junit.runners.SerenityRunner.runChild(SerenityRunner.java:446)
	at net.serenitybdd.junit.runners.SerenityRunner.runChild(SerenityRunner.java:55)
	at org.junit.runners.ParentRunner$3.run(ParentRunner.java:290)
	at org.junit.runners.ParentRunner$1.schedule(ParentRunner.java:71)
	at org.junit.runners.ParentRunner.runChildren(ParentRunner.java:288)
	at org.junit.runners.ParentRunner.access$000(ParentRunner.java:58)
	at org.junit.runners.ParentRunner$2.evaluate(ParentRunner.java:268)
	at org.junit.runners.ParentRunner.run(ParentRunner.java:363)
	at net.serenitybdd.junit.runners.SerenityRunner.run(SerenityRunner.java:252)
	at org.junit.runners.Suite.runChild(Suite.java:128)
	at org.junit.runners.Suite.runChild(Suite.java:27)
	at org.junit.runners.ParentRunner$3.run(ParentRunner.java:290)
	at java.util.concurrent.Executors$RunnableAdapter.call(Executors.java:511)
	at java.util.concurrent.FutureTask.run(FutureTask.java:266)
	at java.util.concurrent.Executors$RunnableAdapter.call(Executors.java:511)
	at java.util.concurrent.FutureTask.run(FutureTask.java:266)
	at java.util.concurrent.ThreadPoolExecutor.runWorker(ThreadPoolExecutor.java:1142)
	at java.util.concurrent.ThreadPoolExecutor$Worker.run(ThreadPoolExecutor.java:617)
	at java.lang.Thread.run(Thread.java:745)
</error>
  </testcase>
  <testcase name="Test mechanism" classname="Test mechanism" time="0.184">
    <error type="java.lang.NullPointerException:">java.lang.NullPointerException: null
	at net.serenitybdd.junit.runners.ParameterizedJUnitStepListener.testingThisDataSet(ParameterizedJUnitStepListener.java:63)
	at net.serenitybdd.junit.runners.ParameterizedJUnitStepListener.testFailure(ParameterizedJUnitStepListener.java:77)
	at org.junit.runner.notification.SynchronizedRunListener.testFailure(SynchronizedRunListener.java:63)
	at org.junit.runner.notification.RunNotifier$4.notifyListener(RunNotifier.java:142)
	at org.junit.runner.notification.RunNotifier$SafeNotifier.run(RunNotifier.java:72)
	at org.junit.runner.notification.RunNotifier.fireTestFailures(RunNotifier.java:138)
	at org.junit.runner.notification.RunNotifier.access$100(RunNotifier.java:21)
	at org.junit.runner.notification.RunNotifier$SafeNotifier.run(RunNotifier.java:78)
	at org.junit.runner.notification.RunNotifier.fireTestStarted(RunNotifier.java:118)
	at org.junit.internal.runners.model.EachTestNotifier.fireTestStarted(EachTestNotifier.java:42)
	at org.junit.runners.ParentRunner.runLeaf(ParentRunner.java:323)
	at org.junit.runners.BlockJUnit4ClassRunner.runChild(BlockJUnit4ClassRunner.java:78)
	at net.serenitybdd.junit.runners.SerenityRunner.performRunChild(SerenityRunner.java:471)
	at net.serenitybdd.junit.runners.SerenityRunner.runChild(SerenityRunner.java:446)
	at net.serenitybdd.junit.runners.SerenityRunner.runChild(SerenityRunner.java:55)
	at org.junit.runners.ParentRunner$3.run(ParentRunner.java:290)
	at org.junit.runners.ParentRunner$1.schedule(ParentRunner.java:71)
	at org.junit.runners.ParentRunner.runChildren(ParentRunner.java:288)
	at org.junit.runners.ParentRunner.access$000(ParentRunner.java:58)
	at org.junit.runners.ParentRunner$2.evaluate(ParentRunner.java:268)
	at org.junit.runners.ParentRunner.run(ParentRunner.java:363)
	at net.serenitybdd.junit.runners.SerenityRunner.run(SerenityRunner.java:252)
	at org.junit.runners.Suite.runChild(Suite.java:128)
	at org.junit.runners.Suite.runChild(Suite.java:27)
	at org.junit.runners.ParentRunner$3.run(ParentRunner.java:290)
	at java.util.concurrent.Executors$RunnableAdapter.call(Executors.java:511)
	at java.util.concurrent.FutureTask.run(FutureTask.java:266)
	at java.util.concurrent.Executors$RunnableAdapter.call(Executors.java:511)
	at java.util.concurrent.FutureTask.run(FutureTask.java:266)
	at java.util.concurrent.ThreadPoolExecutor.runWorker(ThreadPoolExecutor.java:1142)
	at java.util.concurrent.ThreadPoolExecutor$Worker.run(ThreadPoolExecutor.java:617)
	at java.lang.Thread.run(Thread.java:745)
</error>
  </testcase>
  <testcase name="Test mechanism" classname="Test mechanism" time="0.189">
    <error type="java.lang.NullPointerException:">java.lang.NullPointerException: null
	at net.serenitybdd.junit.runners.ParameterizedJUnitStepListener.testingThisDataSet(ParameterizedJUnitStepListener.java:63)
	at net.serenitybdd.junit.runners.ParameterizedJUnitStepListener.testFailure(ParameterizedJUnitStepListener.java:77)
	at org.junit.runner.notification.SynchronizedRunListener.testFailure(SynchronizedRunListener.java:63)
	at org.junit.runner.notification.RunNotifier$4.notifyListener(RunNotifier.java:142)
	at org.junit.runner.notification.RunNotifier$SafeNotifier.run(RunNotifier.java:72)
	at org.junit.runner.notification.RunNotifier.fireTestFailures(RunNotifier.java:138)
	at org.junit.runner.notification.RunNotifier.access$100(RunNotifier.java:21)
	at org.junit.runner.notification.RunNotifier$SafeNotifier.run(RunNotifier.java:78)
	at org.junit.runner.notification.RunNotifier.fireTestStarted(RunNotifier.java:118)
	at org.junit.internal.runners.model.EachTestNotifier.fireTestStarted(EachTestNotifier.java:42)
	at org.junit.runners.ParentRunner.runLeaf(ParentRunner.java:323)
	at org.junit.runners.BlockJUnit4ClassRunner.runChild(BlockJUnit4ClassRunner.java:78)
	at net.serenitybdd.junit.runners.SerenityRunner.performRunChild(SerenityRunner.java:471)
	at net.serenitybdd.junit.runners.SerenityRunner.runChild(SerenityRunner.java:446)
	at net.serenitybdd.junit.runners.SerenityRunner.runChild(SerenityRunner.java:55)
	at org.junit.runners.ParentRunner$3.run(ParentRunner.java:290)
	at org.junit.runners.ParentRunner$1.schedule(ParentRunner.java:71)
	at org.junit.runners.ParentRunner.runChildren(ParentRunner.java:288)
	at org.junit.runners.ParentRunner.access$000(ParentRunner.java:58)
	at org.junit.runners.ParentRunner$2.evaluate(ParentRunner.java:268)
	at org.junit.runners.ParentRunner.run(ParentRunner.java:363)
	at net.serenitybdd.junit.runners.SerenityRunner.run(SerenityRunner.java:252)
	at org.junit.runners.Suite.runChild(Suite.java:128)
	at org.junit.runners.Suite.runChild(Suite.java:27)
	at org.junit.runners.ParentRunner$3.run(ParentRunner.java:290)
	at java.util.concurrent.Executors$RunnableAdapter.call(Executors.java:511)
	at java.util.concurrent.FutureTask.run(FutureTask.java:266)
	at java.util.concurrent.Executors$RunnableAdapter.call(Executors.java:511)
	at java.util.concurrent.FutureTask.run(FutureTask.java:266)
	at java.util.concurrent.ThreadPoolExecutor.runWorker(ThreadPoolExecutor.java:1142)
	at java.util.concurrent.ThreadPoolExecutor$Worker.run(ThreadPoolExecutor.java:617)
	at java.lang.Thread.run(Thread.java:745)
</error>
  </testcase>
  <testcase name="Test mechanism" classname="Test mechanism" time="0.189">
    <error type="java.lang.NullPointerException:">java.lang.NullPointerException: null
	at net.serenitybdd.junit.runners.ParameterizedJUnitStepListener.testingThisDataSet(ParameterizedJUnitStepListener.java:63)
	at net.serenitybdd.junit.runners.ParameterizedJUnitStepListener.testFailure(ParameterizedJUnitStepListener.java:77)
	at org.junit.runner.notification.SynchronizedRunListener.testFailure(SynchronizedRunListener.java:63)
	at org.junit.runner.notification.RunNotifier$4.notifyListener(RunNotifier.java:142)
	at org.junit.runner.notification.RunNotifier$SafeNotifier.run(RunNotifier.java:72)
	at org.junit.runner.notification.RunNotifier.fireTestFailures(RunNotifier.java:138)
	at org.junit.runner.notification.RunNotifier.access$100(RunNotifier.java:21)
	at org.junit.runner.notification.RunNotifier$SafeNotifier.run(RunNotifier.java:78)
	at org.junit.runner.notification.RunNotifier.fireTestStarted(RunNotifier.java:118)
	at org.junit.internal.runners.model.EachTestNotifier.fireTestStarted(EachTestNotifier.java:42)
	at org.junit.runners.ParentRunner.runLeaf(ParentRunner.java:323)
	at org.junit.runners.BlockJUnit4ClassRunner.runChild(BlockJUnit4ClassRunner.java:78)
	at net.serenitybdd.junit.runners.SerenityRunner.performRunChild(SerenityRunner.java:471)
	at net.serenitybdd.junit.runners.SerenityRunner.runChild(SerenityRunner.java:446)
	at net.serenitybdd.junit.runners.SerenityRunner.runChild(SerenityRunner.java:55)
	at org.junit.runners.ParentRunner$3.run(ParentRunner.java:290)
	at org.junit.runners.ParentRunner$1.schedule(ParentRunner.java:71)
	at org.junit.runners.ParentRunner.runChildren(ParentRunner.java:288)
	at org.junit.runners.ParentRunner.access$000(ParentRunner.java:58)
	at org.junit.runners.ParentRunner$2.evaluate(ParentRunner.java:268)
	at org.junit.runners.ParentRunner.run(ParentRunner.java:363)
	at net.serenitybdd.junit.runners.SerenityRunner.run(SerenityRunner.java:252)
	at org.junit.runners.Suite.runChild(Suite.java:128)
	at org.junit.runners.Suite.runChild(Suite.java:27)
	at org.junit.runners.ParentRunner$3.run(ParentRunner.java:290)
	at java.util.concurrent.Executors$RunnableAdapter.call(Executors.java:511)
	at java.util.concurrent.FutureTask.run(FutureTask.java:266)
	at java.util.concurrent.Executors$RunnableAdapter.call(Executors.java:511)
	at java.util.concurrent.FutureTask.run(FutureTask.java:266)
	at java.util.concurrent.ThreadPoolExecutor.runWorker(ThreadPoolExecutor.java:1142)
	at java.util.concurrent.ThreadPoolExecutor$Worker.run(ThreadPoolExecutor.java:617)
	at java.lang.Thread.run(Thread.java:745)
</error>
  </testcase>
  <testcase name="Test mechanism" classname="Test mechanism" time="0.194">
    <error type="java.lang.NullPointerException:">java.lang.NullPointerException: null
	at net.serenitybdd.junit.runners.ParameterizedJUnitStepListener.testingThisDataSet(ParameterizedJUnitStepListener.java:63)
	at net.serenitybdd.junit.runners.ParameterizedJUnitStepListener.testFailure(ParameterizedJUnitStepListener.java:77)
	at org.junit.runner.notification.SynchronizedRunListener.testFailure(SynchronizedRunListener.java:63)
	at org.junit.runner.notification.RunNotifier$4.notifyListener(RunNotifier.java:142)
	at org.junit.runner.notification.RunNotifier$SafeNotifier.run(RunNotifier.java:72)
	at org.junit.runner.notification.RunNotifier.fireTestFailures(RunNotifier.java:138)
	at org.junit.runner.notification.RunNotifier.access$100(RunNotifier.java:21)
	at org.junit.runner.notification.RunNotifier$SafeNotifier.run(RunNotifier.java:78)
	at org.junit.runner.notification.RunNotifier.fireTestStarted(RunNotifier.java:118)
	at org.junit.internal.runners.model.EachTestNotifier.fireTestStarted(EachTestNotifier.java:42)
	at org.junit.runners.ParentRunner.runLeaf(ParentRunner.java:323)
	at org.junit.runners.BlockJUnit4ClassRunner.runChild(BlockJUnit4ClassRunner.java:78)
	at net.serenitybdd.junit.runners.SerenityRunner.performRunChild(SerenityRunner.java:471)
	at net.serenitybdd.junit.runners.SerenityRunner.runChild(SerenityRunner.java:446)
	at net.serenitybdd.junit.runners.SerenityRunner.runChild(SerenityRunner.java:55)
	at org.junit.runners.ParentRunner$3.run(ParentRunner.java:290)
	at org.junit.runners.ParentRunner$1.schedule(ParentRunner.java:71)
	at org.junit.runners.ParentRunner.runChildren(ParentRunner.java:288)
	at org.junit.runners.ParentRunner.access$000(ParentRunner.java:58)
	at org.junit.runners.ParentRunner$2.evaluate(ParentRunner.java:268)
	at org.junit.runners.ParentRunner.run(ParentRunner.java:363)
	at net.serenitybdd.junit.runners.SerenityRunner.run(SerenityRunner.java:252)
	at org.junit.runners.Suite.runChild(Suite.java:128)
	at org.junit.runners.Suite.runChild(Suite.java:27)
	at org.junit.runners.ParentRunner$3.run(ParentRunner.java:290)
	at java.util.concurrent.Executors$RunnableAdapter.call(Executors.java:511)
	at java.util.concurrent.FutureTask.run(FutureTask.java:266)
	at java.util.concurrent.Executors$RunnableAdapter.call(Executors.java:511)
	at java.util.concurrent.FutureTask.run(FutureTask.java:266)
	at java.util.concurrent.ThreadPoolExecutor.runWorker(ThreadPoolExecutor.java:1142)
	at java.util.concurrent.ThreadPoolExecutor$Worker.run(ThreadPoolExecutor.java:617)
	at java.lang.Thread.run(Thread.java:745)
</error>
  </testcase>
  <testcase name="Test mechanism" classname="Test mechanism" time="0.196">
    <error type="java.lang.NullPointerException:">java.lang.NullPointerException: null
	at net.serenitybdd.junit.runners.ParameterizedJUnitStepListener.testingThisDataSet(ParameterizedJUnitStepListener.java:63)
	at net.serenitybdd.junit.runners.ParameterizedJUnitStepListener.testFailure(ParameterizedJUnitStepListener.java:77)
	at org.junit.runner.notification.SynchronizedRunListener.testFailure(SynchronizedRunListener.java:63)
	at org.junit.runner.notification.RunNotifier$4.notifyListener(RunNotifier.java:142)
	at org.junit.runner.notification.RunNotifier$SafeNotifier.run(RunNotifier.java:72)
	at org.junit.runner.notification.RunNotifier.fireTestFailures(RunNotifier.java:138)
	at org.junit.runner.notification.RunNotifier.access$100(RunNotifier.java:21)
	at org.junit.runner.notification.RunNotifier$SafeNotifier.run(RunNotifier.java:78)
	at org.junit.runner.notification.RunNotifier.fireTestStarted(RunNotifier.java:118)
	at org.junit.internal.runners.model.EachTestNotifier.fireTestStarted(EachTestNotifier.java:42)
	at org.junit.runners.ParentRunner.runLeaf(ParentRunner.java:323)
	at org.junit.runners.BlockJUnit4ClassRunner.runChild(BlockJUnit4ClassRunner.java:78)
	at net.serenitybdd.junit.runners.SerenityRunner.performRunChild(SerenityRunner.java:471)
	at net.serenitybdd.junit.runners.SerenityRunner.runChild(SerenityRunner.java:446)
	at net.serenitybdd.junit.runners.SerenityRunner.runChild(SerenityRunner.java:55)
	at org.junit.runners.ParentRunner$3.run(ParentRunner.java:290)
	at org.junit.runners.ParentRunner$1.schedule(ParentRunner.java:71)
	at org.junit.runners.ParentRunner.runChildren(ParentRunner.java:288)
	at org.junit.runners.ParentRunner.access$000(ParentRunner.java:58)
	at org.junit.runners.ParentRunner$2.evaluate(ParentRunner.java:268)
	at org.junit.runners.ParentRunner.run(ParentRunner.java:363)
	at net.serenitybdd.junit.runners.SerenityRunner.run(SerenityRunner.java:252)
	at org.junit.runners.Suite.runChild(Suite.java:128)
	at org.junit.runners.Suite.runChild(Suite.java:27)
	at org.junit.runners.ParentRunner$3.run(ParentRunner.java:290)
	at java.util.concurrent.Executors$RunnableAdapter.call(Executors.java:511)
	at java.util.concurrent.FutureTask.run(FutureTask.java:266)
	at java.util.concurrent.Executors$RunnableAdapter.call(Executors.java:511)
	at java.util.concurrent.FutureTask.run(FutureTask.java:266)
	at java.util.concurrent.ThreadPoolExecutor.runWorker(ThreadPoolExecutor.java:1142)
	at java.util.concurrent.ThreadPoolExecutor$Worker.run(ThreadPoolExecutor.java:617)
	at java.lang.Thread.run(Thread.java:745)
</error>
  </testcase>
  <testcase name="Test mechanism" classname="Test mechanism" time="0.202">
    <error type="java.lang.NullPointerException:">java.lang.NullPointerException: null
	at net.serenitybdd.junit.runners.ParameterizedJUnitStepListener.testingThisDataSet(ParameterizedJUnitStepListener.java:63)
	at net.serenitybdd.junit.runners.ParameterizedJUnitStepListener.testFailure(ParameterizedJUnitStepListener.java:77)
	at org.junit.runner.notification.SynchronizedRunListener.testFailure(SynchronizedRunListener.java:63)
	at org.junit.runner.notification.RunNotifier$4.notifyListener(RunNotifier.java:142)
	at org.junit.runner.notification.RunNotifier$SafeNotifier.run(RunNotifier.java:72)
	at org.junit.runner.notification.RunNotifier.fireTestFailures(RunNotifier.java:138)
	at org.junit.runner.notification.RunNotifier.access$100(RunNotifier.java:21)
	at org.junit.runner.notification.RunNotifier$SafeNotifier.run(RunNotifier.java:78)
	at org.junit.runner.notification.RunNotifier.fireTestStarted(RunNotifier.java:118)
	at org.junit.internal.runners.model.EachTestNotifier.fireTestStarted(EachTestNotifier.java:42)
	at org.junit.runners.ParentRunner.runLeaf(ParentRunner.java:323)
	at org.junit.runners.BlockJUnit4ClassRunner.runChild(BlockJUnit4ClassRunner.java:78)
	at net.serenitybdd.junit.runners.SerenityRunner.performRunChild(SerenityRunner.java:471)
	at net.serenitybdd.junit.runners.SerenityRunner.runChild(SerenityRunner.java:446)
	at net.serenitybdd.junit.runners.SerenityRunner.runChild(SerenityRunner.java:55)
	at org.junit.runners.ParentRunner$3.run(ParentRunner.java:290)
	at org.junit.runners.ParentRunner$1.schedule(ParentRunner.java:71)
	at org.junit.runners.ParentRunner.runChildren(ParentRunner.java:288)
	at org.junit.runners.ParentRunner.access$000(ParentRunner.java:58)
	at org.junit.runners.ParentRunner$2.evaluate(ParentRunner.java:268)
	at org.junit.runners.ParentRunner.run(ParentRunner.java:363)
	at net.serenitybdd.junit.runners.SerenityRunner.run(SerenityRunner.java:252)
	at org.junit.runners.Suite.runChild(Suite.java:128)
	at org.junit.runners.Suite.runChild(Suite.java:27)
	at org.junit.runners.ParentRunner$3.run(ParentRunner.java:290)
	at java.util.concurrent.Executors$RunnableAdapter.call(Executors.java:511)
	at java.util.concurrent.FutureTask.run(FutureTask.java:266)
	at java.util.concurrent.Executors$RunnableAdapter.call(Executors.java:511)
	at java.util.concurrent.FutureTask.run(FutureTask.java:266)
	at java.util.concurrent.ThreadPoolExecutor.runWorker(ThreadPoolExecutor.java:1142)
	at java.util.concurrent.ThreadPoolExecutor$Worker.run(ThreadPoolExecutor.java:617)
	at java.lang.Thread.run(Thread.java:745)
</error>
  </testcase>
  <testcase name="Test mechanism" classname="Test mechanism" time="0.202">
    <error type="java.lang.NullPointerException:">java.lang.NullPointerException: null
	at net.serenitybdd.junit.runners.ParameterizedJUnitStepListener.testingThisDataSet(ParameterizedJUnitStepListener.java:63)
	at net.serenitybdd.junit.runners.ParameterizedJUnitStepListener.testFailure(ParameterizedJUnitStepListener.java:77)
	at org.junit.runner.notification.SynchronizedRunListener.testFailure(SynchronizedRunListener.java:63)
	at org.junit.runner.notification.RunNotifier$4.notifyListener(RunNotifier.java:142)
	at org.junit.runner.notification.RunNotifier$SafeNotifier.run(RunNotifier.java:72)
	at org.junit.runner.notification.RunNotifier.fireTestFailures(RunNotifier.java:138)
	at org.junit.runner.notification.RunNotifier.access$100(RunNotifier.java:21)
	at org.junit.runner.notification.RunNotifier$SafeNotifier.run(RunNotifier.java:78)
	at org.junit.runner.notification.RunNotifier.fireTestStarted(RunNotifier.java:118)
	at org.junit.internal.runners.model.EachTestNotifier.fireTestStarted(EachTestNotifier.java:42)
	at org.junit.runners.ParentRunner.runLeaf(ParentRunner.java:323)
	at org.junit.runners.BlockJUnit4ClassRunner.runChild(BlockJUnit4ClassRunner.java:78)
	at net.serenitybdd.junit.runners.SerenityRunner.performRunChild(SerenityRunner.java:471)
	at net.serenitybdd.junit.runners.SerenityRunner.runChild(SerenityRunner.java:446)
	at net.serenitybdd.junit.runners.SerenityRunner.runChild(SerenityRunner.java:55)
	at org.junit.runners.ParentRunner$3.run(ParentRunner.java:290)
	at org.junit.runners.ParentRunner$1.schedule(ParentRunner.java:71)
	at org.junit.runners.ParentRunner.runChildren(ParentRunner.java:288)
	at org.junit.runners.ParentRunner.access$000(ParentRunner.java:58)
	at org.junit.runners.ParentRunner$2.evaluate(ParentRunner.java:268)
	at org.junit.runners.ParentRunner.run(ParentRunner.java:363)
	at net.serenitybdd.junit.runners.SerenityRunner.run(SerenityRunner.java:252)
	at org.junit.runners.Suite.runChild(Suite.java:128)
	at org.junit.runners.Suite.runChild(Suite.java:27)
	at org.junit.runners.ParentRunner$3.run(ParentRunner.java:290)
	at java.util.concurrent.Executors$RunnableAdapter.call(Executors.java:511)
	at java.util.concurrent.FutureTask.run(FutureTask.java:266)
	at java.util.concurrent.Executors$RunnableAdapter.call(Executors.java:511)
	at java.util.concurrent.FutureTask.run(FutureTask.java:266)
	at java.util.concurrent.ThreadPoolExecutor.runWorker(ThreadPoolExecutor.java:1142)
	at java.util.concurrent.ThreadPoolExecutor$Worker.run(ThreadPoolExecutor.java:617)
	at java.lang.Thread.run(Thread.java:745)
</error>
  </testcase>
  <testcase name="Test mechanism" classname="Test mechanism" time="0.209">
    <error type="java.lang.NullPointerException:">java.lang.NullPointerException: null
	at net.serenitybdd.junit.runners.ParameterizedJUnitStepListener.testingThisDataSet(ParameterizedJUnitStepListener.java:63)
	at net.serenitybdd.junit.runners.ParameterizedJUnitStepListener.testFailure(ParameterizedJUnitStepListener.java:77)
	at org.junit.runner.notification.SynchronizedRunListener.testFailure(SynchronizedRunListener.java:63)
	at org.junit.runner.notification.RunNotifier$4.notifyListener(RunNotifier.java:142)
	at org.junit.runner.notification.RunNotifier$SafeNotifier.run(RunNotifier.java:72)
	at org.junit.runner.notification.RunNotifier.fireTestFailures(RunNotifier.java:138)
	at org.junit.runner.notification.RunNotifier.access$100(RunNotifier.java:21)
	at org.junit.runner.notification.RunNotifier$SafeNotifier.run(RunNotifier.java:78)
	at org.junit.runner.notification.RunNotifier.fireTestStarted(RunNotifier.java:118)
	at org.junit.internal.runners.model.EachTestNotifier.fireTestStarted(EachTestNotifier.java:42)
	at org.junit.runners.ParentRunner.runLeaf(ParentRunner.java:323)
	at org.junit.runners.BlockJUnit4ClassRunner.runChild(BlockJUnit4ClassRunner.java:78)
	at net.serenitybdd.junit.runners.SerenityRunner.performRunChild(SerenityRunner.java:471)
	at net.serenitybdd.junit.runners.SerenityRunner.runChild(SerenityRunner.java:446)
	at net.serenitybdd.junit.runners.SerenityRunner.runChild(SerenityRunner.java:55)
	at org.junit.runners.ParentRunner$3.run(ParentRunner.java:290)
	at org.junit.runners.ParentRunner$1.schedule(ParentRunner.java:71)
	at org.junit.runners.ParentRunner.runChildren(ParentRunner.java:288)
	at org.junit.runners.ParentRunner.access$000(ParentRunner.java:58)
	at org.junit.runners.ParentRunner$2.evaluate(ParentRunner.java:268)
	at org.junit.runners.ParentRunner.run(ParentRunner.java:363)
	at net.serenitybdd.junit.runners.SerenityRunner.run(SerenityRunner.java:252)
	at org.junit.runners.Suite.runChild(Suite.java:128)
	at org.junit.runners.Suite.runChild(Suite.java:27)
	at org.junit.runners.ParentRunner$3.run(ParentRunner.java:290)
	at java.util.concurrent.Executors$RunnableAdapter.call(Executors.java:511)
	at java.util.concurrent.FutureTask.run(FutureTask.java:266)
	at java.util.concurrent.Executors$RunnableAdapter.call(Executors.java:511)
	at java.util.concurrent.FutureTask.run(FutureTask.java:266)
	at java.util.concurrent.ThreadPoolExecutor.runWorker(ThreadPoolExecutor.java:1142)
	at java.util.concurrent.ThreadPoolExecutor$Worker.run(ThreadPoolExecutor.java:617)
	at java.lang.Thread.run(Thread.java:745)
</error>
  </testcase>
  <testcase name="Test mechanism" classname="Test mechanism" time="0.212">
    <error type="java.lang.NullPointerException:">java.lang.NullPointerException: null
	at net.serenitybdd.junit.runners.ParameterizedJUnitStepListener.testingThisDataSet(ParameterizedJUnitStepListener.java:63)
	at net.serenitybdd.junit.runners.ParameterizedJUnitStepListener.testFailure(ParameterizedJUnitStepListener.java:77)
	at org.junit.runner.notification.SynchronizedRunListener.testFailure(SynchronizedRunListener.java:63)
	at org.junit.runner.notification.RunNotifier$4.notifyListener(RunNotifier.java:142)
	at org.junit.runner.notification.RunNotifier$SafeNotifier.run(RunNotifier.java:72)
	at org.junit.runner.notification.RunNotifier.fireTestFailures(RunNotifier.java:138)
	at org.junit.runner.notification.RunNotifier.access$100(RunNotifier.java:21)
	at org.junit.runner.notification.RunNotifier$SafeNotifier.run(RunNotifier.java:78)
	at org.junit.runner.notification.RunNotifier.fireTestStarted(RunNotifier.java:118)
	at org.junit.internal.runners.model.EachTestNotifier.fireTestStarted(EachTestNotifier.java:42)
	at org.junit.runners.ParentRunner.runLeaf(ParentRunner.java:323)
	at org.junit.runners.BlockJUnit4ClassRunner.runChild(BlockJUnit4ClassRunner.java:78)
	at net.serenitybdd.junit.runners.SerenityRunner.performRunChild(SerenityRunner.java:471)
	at net.serenitybdd.junit.runners.SerenityRunner.runChild(SerenityRunner.java:446)
	at net.serenitybdd.junit.runners.SerenityRunner.runChild(SerenityRunner.java:55)
	at org.junit.runners.ParentRunner$3.run(ParentRunner.java:290)
	at org.junit.runners.ParentRunner$1.schedule(ParentRunner.java:71)
	at org.junit.runners.ParentRunner.runChildren(ParentRunner.java:288)
	at org.junit.runners.ParentRunner.access$000(ParentRunner.java:58)
	at org.junit.runners.ParentRunner$2.evaluate(ParentRunner.java:268)
	at org.junit.runners.ParentRunner.run(ParentRunner.java:363)
	at net.serenitybdd.junit.runners.SerenityRunner.run(SerenityRunner.java:252)
	at org.junit.runners.Suite.runChild(Suite.java:128)
	at org.junit.runners.Suite.runChild(Suite.java:27)
	at org.junit.runners.ParentRunner$3.run(ParentRunner.java:290)
	at java.util.concurrent.Executors$RunnableAdapter.call(Executors.java:511)
	at java.util.concurrent.FutureTask.run(FutureTask.java:266)
	at java.util.concurrent.Executors$RunnableAdapter.call(Executors.java:511)
	at java.util.concurrent.FutureTask.run(FutureTask.java:266)
	at java.util.concurrent.ThreadPoolExecutor.runWorker(ThreadPoolExecutor.java:1142)
	at java.util.concurrent.ThreadPoolExecutor$Worker.run(ThreadPoolExecutor.java:617)
	at java.lang.Thread.run(Thread.java:745)
</error>
  </testcase>
  <testcase name="Test mechanism" classname="Test mechanism" time="0.218">
    <error type="java.lang.NullPointerException:">java.lang.NullPointerException: null
	at net.serenitybdd.junit.runners.ParameterizedJUnitStepListener.testingThisDataSet(ParameterizedJUnitStepListener.java:63)
	at net.serenitybdd.junit.runners.ParameterizedJUnitStepListener.testFailure(ParameterizedJUnitStepListener.java:77)
	at org.junit.runner.notification.SynchronizedRunListener.testFailure(SynchronizedRunListener.java:63)
	at org.junit.runner.notification.RunNotifier$4.notifyListener(RunNotifier.java:142)
	at org.junit.runner.notification.RunNotifier$SafeNotifier.run(RunNotifier.java:72)
	at org.junit.runner.notification.RunNotifier.fireTestFailures(RunNotifier.java:138)
	at org.junit.runner.notification.RunNotifier.access$100(RunNotifier.java:21)
	at org.junit.runner.notification.RunNotifier$SafeNotifier.run(RunNotifier.java:78)
	at org.junit.runner.notification.RunNotifier.fireTestStarted(RunNotifier.java:118)
	at org.junit.internal.runners.model.EachTestNotifier.fireTestStarted(EachTestNotifier.java:42)
	at org.junit.runners.ParentRunner.runLeaf(ParentRunner.java:323)
	at org.junit.runners.BlockJUnit4ClassRunner.runChild(BlockJUnit4ClassRunner.java:78)
	at net.serenitybdd.junit.runners.SerenityRunner.performRunChild(SerenityRunner.java:471)
	at net.serenitybdd.junit.runners.SerenityRunner.runChild(SerenityRunner.java:446)
	at net.serenitybdd.junit.runners.SerenityRunner.runChild(SerenityRunner.java:55)
	at org.junit.runners.ParentRunner$3.run(ParentRunner.java:290)
	at org.junit.runners.ParentRunner$1.schedule(ParentRunner.java:71)
	at org.junit.runners.ParentRunner.runChildren(ParentRunner.java:288)
	at org.junit.runners.ParentRunner.access$000(ParentRunner.java:58)
	at org.junit.runners.ParentRunner$2.evaluate(ParentRunner.java:268)
	at org.junit.runners.ParentRunner.run(ParentRunner.java:363)
	at net.serenitybdd.junit.runners.SerenityRunner.run(SerenityRunner.java:252)
	at org.junit.runners.Suite.runChild(Suite.java:128)
	at org.junit.runners.Suite.runChild(Suite.java:27)
	at org.junit.runners.ParentRunner$3.run(ParentRunner.java:290)
	at java.util.concurrent.Executors$RunnableAdapter.call(Executors.java:511)
	at java.util.concurrent.FutureTask.run(FutureTask.java:266)
	at java.util.concurrent.Executors$RunnableAdapter.call(Executors.java:511)
	at java.util.concurrent.FutureTask.run(FutureTask.java:266)
	at java.util.concurrent.ThreadPoolExecutor.runWorker(ThreadPoolExecutor.java:1142)
	at java.util.concurrent.ThreadPoolExecutor$Worker.run(ThreadPoolExecutor.java:617)
	at java.lang.Thread.run(Thread.java:745)
</error>
  </testcase>
  <testcase name="Test mechanism" classname="Test mechanism" time="0.219">
    <error type="java.lang.NullPointerException:">java.lang.NullPointerException: null
	at net.serenitybdd.junit.runners.ParameterizedJUnitStepListener.testingThisDataSet(ParameterizedJUnitStepListener.java:63)
	at net.serenitybdd.junit.runners.ParameterizedJUnitStepListener.testFailure(ParameterizedJUnitStepListener.java:77)
	at org.junit.runner.notification.SynchronizedRunListener.testFailure(SynchronizedRunListener.java:63)
	at org.junit.runner.notification.RunNotifier$4.notifyListener(RunNotifier.java:142)
	at org.junit.runner.notification.RunNotifier$SafeNotifier.run(RunNotifier.java:72)
	at org.junit.runner.notification.RunNotifier.fireTestFailures(RunNotifier.java:138)
	at org.junit.runner.notification.RunNotifier.access$100(RunNotifier.java:21)
	at org.junit.runner.notification.RunNotifier$SafeNotifier.run(RunNotifier.java:78)
	at org.junit.runner.notification.RunNotifier.fireTestStarted(RunNotifier.java:118)
	at org.junit.internal.runners.model.EachTestNotifier.fireTestStarted(EachTestNotifier.java:42)
	at org.junit.runners.ParentRunner.runLeaf(ParentRunner.java:323)
	at org.junit.runners.BlockJUnit4ClassRunner.runChild(BlockJUnit4ClassRunner.java:78)
	at net.serenitybdd.junit.runners.SerenityRunner.performRunChild(SerenityRunner.java:471)
	at net.serenitybdd.junit.runners.SerenityRunner.runChild(SerenityRunner.java:446)
	at net.serenitybdd.junit.runners.SerenityRunner.runChild(SerenityRunner.java:55)
	at org.junit.runners.ParentRunner$3.run(ParentRunner.java:290)
	at org.junit.runners.ParentRunner$1.schedule(ParentRunner.java:71)
	at org.junit.runners.ParentRunner.runChildren(ParentRunner.java:288)
	at org.junit.runners.ParentRunner.access$000(ParentRunner.java:58)
	at org.junit.runners.ParentRunner$2.evaluate(ParentRunner.java:268)
	at org.junit.runners.ParentRunner.run(ParentRunner.java:363)
	at net.serenitybdd.junit.runners.SerenityRunner.run(SerenityRunner.java:252)
	at org.junit.runners.Suite.runChild(Suite.java:128)
[...]
	at org.codehaus.groovy.runtime.callsite.AbstractCallSite.callCurrent(AbstractCallSite.java:166)
	at io.restassured.internal.ResponseSpecificationImpl.statusCode(ResponseSpecificationImpl.groovy:130)
	at io.restassured.internal.ValidatableResponseOptionsImpl.statusCode(ValidatableResponseOptionsImpl.java:117)
	at com.bestbuy.bestbuyinfo.CreateProductDataDrivenTest.createMultipleProducts(CreateProductDataDrivenTest.java:36)
]]></failure>
    <system-err><![CDATA[25419 [CreateProductDataDrivenTest-2-thread-8] ERROR net.serenitybdd.core.Serenity - 
           __  _____ _____ ____ _____   _____ _    ___ _     _____ ____  
  _       / / |_   _| ____/ ___|_   _| |  ___/ \  |_ _| |   | ____|  _ \ 
 (_)_____| |    | | |  _| \___ \ | |   | |_ / _ \  | || |   |  _| | | | |
  _|_____| |    | | | |___ ___) || |   |  _/ ___ \ | || |___| |___| |_| |
 (_)     | |    |_| |_____|____/ |_|   |_|/_/   \_\___|_____|_____|____/ 
          \_\                                                            

TEST FAILED: Data driven test for multiple product to the information
--------------------------------------------------------------------------
25421 [CreateProductDataDrivenTest-2-thread-8] ERROR net.serenitybdd.core.Serenity - 1 expectation failed.Expected status code <201> but was <404>.
]]></system-err>
  </testcase>
  <testcase name="createMultipleProducts[22]" classname="com.bestbuy.bestbuyinfo.CreateProductDataDrivenTest" time="17.421">
    <failure message="1 expectation failed.&#10;Expected status code &lt;201&gt; but was &lt;404&gt;.&#10;" type="java.lang.AssertionError"><![CDATA[java.lang.AssertionError: 1 expectation failed.
Expected status code <201> but was <404>.

	at sun.reflect.NativeConstructorAccessorImpl.newInstance0(Native Method)
	at sun.reflect.NativeConstructorAccessorImpl.newInstance(NativeConstructorAccessorImpl.java:62)
	at sun.reflect.DelegatingConstructorAccessorImpl.newInstance(DelegatingConstructorAccessorImpl.java:45)
	at java.lang.reflect.Constructor.newInstance(Constructor.java:423)
	at org.codehaus.groovy.reflection.CachedConstructor.invoke(CachedConstructor.java:83)
	at org.codehaus.groovy.reflection.CachedConstructor.doConstructorInvoke(CachedConstructor.java:77)
	at org.codehaus.groovy.runtime.callsite.ConstructorSite$ConstructorSiteNoUnwrap.callConstructor(ConstructorSite.java:84)
	at org.codehaus.groovy.runtime.callsite.CallSiteArray.defaultCallConstructor(CallSiteArray.java:60)
	at org.codehaus.groovy.runtime.callsite.AbstractCallSite.callConstructor(AbstractCallSite.java:235)
	at org.codehaus.groovy.runtime.callsite.AbstractCallSite.callConstructor(AbstractCallSite.java:247)
	at io.restassured.internal.ResponseSpecificationImpl$HamcrestAssertionClosure.validate(ResponseSpecificationImpl.groovy:471)
	at io.restassured.internal.ResponseSpecificationImpl$HamcrestAssertionClosure$validate$20.call(Unknown Source)
	at io.restassured.internal.ResponseSpecificationImpl.validateResponseIfRequired(ResponseSpecificationImpl.groovy:636)
	at sun.reflect.NativeMethodAccessorImpl.invoke0(Native Method)
	at sun.reflect.NativeMethodAccessorImpl.invoke(NativeMethodAccessorImpl.java:62)
	at sun.reflect.DelegatingMethodAccessorImpl.invoke(DelegatingMethodAccessorImpl.java:43)
	at java.lang.reflect.Method.invoke(Method.java:498)
	at org.codehaus.groovy.runtime.callsite.PogoMetaMethodSite$PogoCachedMethodSiteNoUnwrapNoCoerce.invoke(PogoMetaMethodSite.java:210)
	at org.codehaus.groovy.runtime.callsite.PogoMetaMethodSite.callCurrent(PogoMetaMethodSite.java:59)
	at org.codehaus.groovy.runtime.callsite.AbstractCallSite.callCurrent(AbstractCallSite.java:166)
	at org.codehaus.groovy.runtime.callsite.AbstractCallSite.callCurrent(AbstractCallSite.java:164)
	at io.restassured.internal.ResponseSpecificationImpl.statusCode(ResponseSpecificationImpl.groovy:122)
	at io.restassured.specification.ResponseSpecification$statusCode$36.callCurrent(Unknown Source)
	at org.codehaus.groovy.runtime.callsite.AbstractCallSite.callCurrent(AbstractCallSite.java:164)
	at io.restassured.internal.ResponseSpecificationImpl.statusCode(ResponseSpecificationImpl.groovy:130)
	at io.restassured.internal.ValidatableResponseOptionsImpl.statusCode(ValidatableResponseOptionsImpl.java:117)
	at com.bestbuy.bestbuyinfo.CreateProductDataDrivenTest.createMultipleProducts(CreateProductDataDrivenTest.java:36)
]]></failure>
    <system-err><![CDATA[25444 [CreateProductDataDrivenTest-2-thread-21] ERROR net.serenitybdd.core.Serenity - 
           __  _____ _____ ____ _____   _____ _    ___ _     _____ ____  
  _       / / |_   _| ____/ ___|_   _| |  ___/ \  |_ _| |   | ____|  _ \ 
 (_)_____| |    | | |  _| \___ \ | |   | |_ / _ \  | || |   |  _| | | | |
  _|_____| |    | | | |___ ___) || |   |  _/ ___ \ | || |___| |___| |_| |
 (_)     | |    |_| |_____|____/ |_|   |_|/_/   \_\___|_____|_____|____/ 
          \_\                                                            

TEST FAILED: Data driven test for multiple product to the information
--------------------------------------------------------------------------
25444 [CreateProductDataDrivenTest-2-thread-21] ERROR net.serenitybdd.core.Serenity - 1 expectation failed.Expected status code <201> but was <404>.
]]></system-err>
  </testcase>
  <testcase name="createMultipleProducts[6]" classname="com.bestbuy.bestbuyinfo.CreateProductDataDrivenTest" time="17.428">
    <failure message="1 expectation failed.&#10;Expected status code &lt;201&gt; but was &lt;404&gt;.&#10;" type="java.lang.AssertionError"><![CDATA[java.lang.AssertionError: 1 expectation failed.
Expected status code <201> but was <404>.

	at sun.reflect.NativeConstructorAccessorImpl.newInstance0(Native Method)
	at sun.reflect.NativeConstructorAccessorImpl.newInstance(NativeConstructorAccessorImpl.java:62)
	at sun.reflect.DelegatingConstructorAccessorImpl.newInstance(DelegatingConstructorAccessorImpl.java:45)
	at java.lang.reflect.Constructor.newInstance(Constructor.java:423)
	at org.codehaus.groovy.reflection.CachedConstructor.invoke(CachedConstructor.java:83)
	at org.codehaus.groovy.reflection.CachedConstructor.doConstructorInvoke(CachedConstructor.java:77)
	at org.codehaus.groovy.runtime.callsite.ConstructorSite$ConstructorSiteNoUnwrap.callConstructor(ConstructorSite.java:84)
	at org.codehaus.groovy.runtime.callsite.CallSiteArray.defaultCallConstructor(CallSiteArray.java:60)
	at org.codehaus.groovy.runtime.callsite.AbstractCallSite.callConstructor(AbstractCallSite.java:235)
	at org.codehaus.groovy.runtime.callsite.AbstractCallSite.callConstructor(AbstractCallSite.java:247)
	at io.restassured.internal.ResponseSpecificationImpl$HamcrestAssertionClosure.validate(ResponseSpecificationImpl.groovy:471)
	at io.restassured.internal.ResponseSpecificationImpl$HamcrestAssertionClosure$validate$20.call(Unknown Source)
	at io.restassured.internal.ResponseSpecificationImpl.validateResponseIfRequired(ResponseSpecificationImpl.groovy:636)
	at sun.reflect.NativeMethodAccessorImpl.invoke0(Native Method)
	at sun.reflect.NativeMethodAccessorImpl.invoke(NativeMethodAccessorImpl.java:62)
	at sun.reflect.DelegatingMethodAccessorImpl.invoke(DelegatingMethodAccessorImpl.java:43)
	at java.lang.reflect.Method.invoke(Method.java:498)
	at org.codehaus.groovy.runtime.callsite.PogoMetaMethodSite$PogoCachedMethodSiteNoUnwrapNoCoerce.invoke(PogoMetaMethodSite.java:210)
	at org.codehaus.groovy.runtime.callsite.PogoMetaMethodSite.callCurrent(PogoMetaMethodSite.java:59)
	at org.codehaus.groovy.runtime.callsite.AbstractCallSite.callCurrent(AbstractCallSite.java:166)
	at org.codehaus.groovy.runtime.callsite.AbstractCallSite.callCurrent(AbstractCallSite.java:164)
	at io.restassured.internal.ResponseSpecificationImpl.statusCode(ResponseSpecificationImpl.groovy:122)
	at io.restassured.specification.ResponseSpecification$statusCode$25.callCurrent(Unknown Source)
	at org.codehaus.groovy.runtime.callsite.AbstractCallSite.callCurrent(AbstractCallSite.java:164)
	at io.restassured.internal.ResponseSpecificationImpl.statusCode(ResponseSpecificationImpl.groovy:130)
	at io.restassured.internal.ValidatableResponseOptionsImpl.statusCode(ValidatableResponseOptionsImpl.java:117)
	at com.bestbuy.bestbuyinfo.CreateProductDataDrivenTest.createMultipleProducts(CreateProductDataDrivenTest.java:36)
]]></failure>
  </testcase>
  <testcase name="com.bestbuy.bestbuyinfo.CreateProductDataDrivenTest" classname="org.apache.maven.surefire.junit4.JUnit4Provider" time="17.933">
    <error message="at index 1" type="java.lang.NullPointerException">java.lang.NullPointerException: at index 1
	at com.google.common.collect.ObjectArrays.checkElementNotNull(ObjectArrays.java:236)
	at com.google.common.collect.ObjectArrays.checkElementsNotNull(ObjectArrays.java:226)
	at com.google.common.collect.ObjectArrays.checkElementsNotNull(ObjectArrays.java:220)
	at com.google.common.collect.ImmutableList.construct(ImmutableList.java:347)
	at com.google.common.collect.ImmutableList.copyOf(ImmutableList.java:257)
	at net.thucydides.core.model.DataTable.addRows(DataTable.java:120)
	at net.thucydides.core.model.TestOutcome.addDataFrom(TestOutcome.java:704)
	at net.serenitybdd.junit.runners.ParameterizedTestsOutcomeAggregator.aggregatedScenarioOutcomes(ParameterizedTestsOutcomeAggregator.java:48)
	at net.serenitybdd.junit.runners.ParameterizedTestsOutcomeAggregator.aggregateTestOutcomesByTestMethods(ParameterizedTestsOutcomeAggregator.java:29)
	at net.serenitybdd.junit.runners.SerenityParameterizedRunner.generateReports(SerenityParameterizedRunner.java:193)
	at net.serenitybdd.junit.runners.SerenityParameterizedRunner.run(SerenityParameterizedRunner.java:188)
	at org.apache.maven.surefire.junit4.JUnit4Provider.execute(JUnit4Provider.java:283)
	at org.apache.maven.surefire.junit4.JUnit4Provider.executeWithRerun(JUnit4Provider.java:173)
	at org.apache.maven.surefire.junit4.JUnit4Provider.executeTestSet(JUnit4Provider.java:153)
	at org.apache.maven.surefire.junit4.JUnit4Provider.invoke(JUnit4Provider.java:128)
</error>
    <system-err><![CDATA[25558 [CreateProductDataDrivenTest-2-thread-7] ERROR net.serenitybdd.core.Serenity - 
           __  _____ _____ ____ _____   _____ _    ___ _     _____ ____  
  _       / / |_   _| ____/ ___|_   _| |  ___/ \  |_ _| |   | ____|  _ \ 
 (_)_____| |    | | |  _| \___ \ | |   | |_ / _ \  | || |   |  _| | | | |
  _|_____| |    | | | |___ ___) || |   |  _/ ___ \ | || |___| |___| |_| |
 (_)     | |    |_| |_____|____/ |_|   |_|/_/   \_\___|_____|_____|____/ 
          \_\                                                            

TEST FAILED: Data driven test for multiple product to the information
--------------------------------------------------------------------------
25560 [CreateProductDataDrivenTest-2-thread-7] ERROR net.serenitybdd.core.Serenity - 1 expectation failed.Expected status code <201> but was <404>.
25575 [CreateProductDataDrivenTest-2-thread-16] ERROR net.serenitybdd.core.Serenity - 
           __  _____ _____ ____ _____   _____ _    ___ _     _____ ____  
  _       / / |_   _| ____/ ___|_   _| |  ___/ \  |_ _| |   | ____|  _ \ 
 (_)_____| |    | | |  _| \___ \ | |   | |_ / _ \  | || |   |  _| | | | |
  _|_____| |    | | | |___ ___) || |   |  _/ ___ \ | || |___| |___| |_| |
 (_)     | |    |_| |_____|____/ |_|   |_|/_/   \_\___|_____|_____|____/ 
          \_\                                                            

TEST FAILED: Data driven test for multiple product to the information
--------------------------------------------------------------------------
25577 [CreateProductDataDrivenTest-2-thread-16] ERROR net.serenitybdd.core.Serenity - 1 expectation failed.Expected status code <201> but was <404>.
25609 [CreateProductDataDrivenTest-2-thread-15] ERROR net.serenitybdd.core.Serenity - 
           __  _____ _____ ____ _____   _____ _    ___ _     _____ ____  
  _       / / |_   _| ____/ ___|_   _| |  ___/ \  |_ _| |   | ____|  _ \ 
 (_)_____| |    | | |  _| \___ \ | |   | |_ / _ \  | || |   |  _| | | | |
  _|_____| |    | | | |___ ___) || |   |  _/ ___ \ | || |___| |___| |_| |
 (_)     | |    |_| |_____|____/ |_|   |_|/_/   \_\___|_____|_____|____/ 
          \_\                                                            

TEST FAILED: Data driven test for multiple product to the information
--------------------------------------------------------------------------
25611 [CreateProductDataDrivenTest-2-thread-15] ERROR net.serenitybdd.core.Serenity - 1 expectation failed.Expected status code <201> but was <404>.
25616 [CreateProductDataDrivenTest-2-thread-2] ERROR net.serenitybdd.core.Serenity - 
           __  _____ _____ ____ _____   _____ _    ___ _     _____ ____  
  _       / / |_   _| ____/ ___|_   _| |  ___/ \  |_ _| |   | ____|  _ \ 
 (_)_____| |    | | |  _| \___ \ | |   | |_ / _ \  | || |   |  _| | | | |
  _|_____| |    | | | |___ ___) || |   |  _/ ___ \ | || |___| |___| |_| |
 (_)     | |    |_| |_____|____/ |_|   |_|/_/   \_\___|_____|_____|____/ 
          \_\                                                            

TEST FAILED: Data driven test for multiple product to the information
--------------------------------------------------------------------------
25616 [CreateProductDataDrivenTest-2-thread-2] ERROR net.serenitybdd.core.Serenity - 1 expectation failed.Expected status code <201> but was <404>.
25622 [CreateProductDataDrivenTest-2-thread-6] ERROR net.serenitybdd.core.Serenity - 
           __  _____ _____ ____ _____   _____ _    ___ _     _____ ____  
  _       / / |_   _| ____/ ___|_   _| |  ___/ \  |_ _| |   | ____|  _ \ 
 (_)_____| |    | | |  _| \___ \ | |   | |_ / _ \  | || |   |  _| | | | |
  _|_____| |    | | | |___ ___) || |   |  _/ ___ \ | || |___| |___| |_| |
 (_)     | |    |_| |_____|____/ |_|   |_|/_/   \_\___|_____|_____|____/ 
          \_\                                                            

TEST FAILED: Data driven test for multiple product to the information
--------------------------------------------------------------------------
25623 [CreateProductDataDrivenTest-2-thread-6] ERROR net.serenitybdd.core.Serenity - 1 expectation failed.Expected status code <201> but was <404>.
25634 [CreateProductDataDrivenTest-2-thread-18] ERROR net.serenitybdd.core.Serenity - 
           __  _____ _____ ____ _____   _____ _    ___ _     _____ ____  
  _       / / |_   _| ____/ ___|_   _| |  ___/ \  |_ _| |   | ____|  _ \ 
 (_)_____| |    | | |  _| \___ \ | |   | |_ / _ \  | || |   |  _| | | | |
  _|_____| |    | | | |___ ___) || |   |  _/ ___ \ | || |___| |___| |_| |
 (_)     | |    |_| |_____|____/ |_|   |_|/_/   \_\___|_____|_____|____/ 
          \_\                                                            

TEST FAILED: Data driven test for multiple product to the information
--------------------------------------------------------------------------
25636 [CreateProductDataDrivenTest-2-thread-18] ERROR net.serenitybdd.core.Serenity - 1 expectation failed.Expected status code <201> but was <404>.
25646 [CreateProductDataDrivenTest-2-thread-1] ERROR net.serenitybdd.core.Serenity - 
           __  _____ _____ ____ _____   _____ _    ___ _     _____ ____  
  _       / / |_   _| ____/ ___|_   _| |  ___/ \  |_ _| |   | ____|  _ \ 
 (_)_____| |    | | |  _| \___ \ | |   | |_ / _ \  | || |   |  _| | | | |
  _|_____| |    | | | |___ ___) || |   |  _/ ___ \ | || |___| |___| |_| |
 (_)     | |    |_| |_____|____/ |_|   |_|/_/   \_\___|_____|_____|____/ 
          \_\                                                            

TEST FAILED: Data driven test for multiple product to the information
--------------------------------------------------------------------------
25649 [CreateProductDataDrivenTest-2-thread-1] ERROR net.serenitybdd.core.Serenity - 1 expectation failed.Expected status code <201> but was <404>.
25679 [CreateProductDataDrivenTest-2-thread-5] ERROR net.serenitybdd.core.Serenity - 
           __  _____ _____ ____ _____   _____ _    ___ _     _____ ____  
  _       / / |_   _| ____/ ___|_   _| |  ___/ \  |_ _| |   | ____|  _ \ 
 (_)_____| |    | | |  _| \___ \ | |   | |_ / _ \  | || |   |  _| | | | |
  _|_____| |    | | | |___ ___) || |   |  _/ ___ \ | || |___| |___| |_| |
 (_)     | |    |_| |_____|____/ |_|   |_|/_/   \_\___|_____|_____|____/ 
          \_\                                                            

TEST FAILED: Data driven test for multiple product to the information
--------------------------------------------------------------------------
25679 [CreateProductDataDrivenTest-2-thread-5] ERROR net.serenitybdd.core.Serenity - 1 expectation failed.Expected status code <201> but was <404>.
25691 [CreateProductDataDrivenTest-2-thread-17] ERROR net.serenitybdd.core.Serenity - 
           __  _____ _____ ____ _____   _____ _    ___ _     _____ ____  
  _       / / |_   _| ____/ ___|_   _| |  ___/ \  |_ _| |   | ____|  _ \ 
 (_)_____| |    | | |  _| \___ \ | |   | |_ / _ \  | || |   |  _| | | | |
  _|_____| |    | | | |___ ___) || |   |  _/ ___ \ | || |___| |___| |_| |
 (_)     | |    |_| |_____|____/ |_|   |_|/_/   \_\___|_____|_____|____/ 
          \_\                                                            

TEST FAILED: Data driven test for multiple product to the information
--------------------------------------------------------------------------
25692 [CreateProductDataDrivenTest-2-thread-17] ERROR net.serenitybdd.core.Serenity - 1 expectation failed.Expected status code <201> but was <404>.
25702 [CreateProductDataDrivenTest-2-thread-3] ERROR net.serenitybdd.core.Serenity - 
           __  _____ _____ ____ _____   _____ _    ___ _     _____ ____  
  _       / / |_   _| ____/ ___|_   _| |  ___/ \  |_ _| |   | ____|  _ \ 
 (_)_____| |    | | |  _| \___ \ | |   | |_ / _ \  | || |   |  _| | | | |
  _|_____| |    | | | |___ ___) || |   |  _/ ___ \ | || |___| |___| |_| |
 (_)     | |    |_| |_____|____/ |_|   |_|/_/   \_\___|_____|_____|____/ 
          \_\                                                            

TEST FAILED: Data driven test for multiple product to the information
--------------------------------------------------------------------------
25703 [CreateProductDataDrivenTest-2-thread-3] ERROR net.serenitybdd.core.Serenity - 1 expectation failed.Expected status code <201> but was <404>.
25718 [CreateProductDataDrivenTest-2-thread-19] ERROR net.serenitybdd.core.Serenity - 
           __  _____ _____ ____ _____   _____ _    ___ _     _____ ____  
  _       / / |_   _| ____/ ___|_   _| |  ___/ \  |_ _| |   | ____|  _ \ 
 (_)_____| |    | | |  _| \___ \ | |   | |_ / _ \  | || |   |  _| | | | |
  _|_____| |    | | | |___ ___) || |   |  _/ ___ \ | || |___| |___| |_| |
 (_)     | |    |_| |_____|____/ |_|   |_|/_/   \_\___|_____|_____|____/ 
          \_\                                                            

TEST FAILED: Data driven test for multiple product to the information
--------------------------------------------------------------------------
25723 [CreateProductDataDrivenTest-2-thread-19] ERROR net.serenitybdd.core.Serenity - 1 expectation failed.Expected status code <201> but was <404>.
25740 [CreateProductDataDrivenTest-2-thread-23] ERROR net.serenitybdd.core.Serenity - 
           __  _____ _____ ____ _____   _____ _    ___ _     _____ ____  
  _       / / |_   _| ____/ ___|_   _| |  ___/ \  |_ _| |   | ____|  _ \ 
 (_)_____| |    | | |  _| \___ \ | |   | |_ / _ \  | || |   |  _| | | | |
  _|_____| |    | | | |___ ___) || |   |  _/ ___ \ | || |___| |___| |_| |
 (_)     | |    |_| |_____|____/ |_|   |_|/_/   \_\___|_____|_____|____/ 
          \_\                                                            

TEST FAILED: Data driven test for multiple product to the information
--------------------------------------------------------------------------
25742 [CreateProductDataDrivenTest-2-thread-23] ERROR net.serenitybdd.core.Serenity - 1 expectation failed.Expected status code <201> but was <404>.
]]></system-err>
  </testcase>
</testsuite>